[ 2016-10-20T08:18:04+08:00 ] ::1 /estore/
ERR: 模板不存在:./Application/estore/Index/View/Index/index.html

[ 2016-10-20T08:18:16+08:00 ] ::1 /estore/
ERR: 模板不存在:./Application/estore/Index/View/Index/index.html

[ 2016-10-20T08:18:45+08:00 ] ::1 /estore/Public/Home/plugin/My97DatePicker/WdatePicker.js
ERR: 非法操作:Home

[ 2016-10-20T08:18:45+08:00 ] ::1 /estore/Public/Home/plugin/My97DatePicker/WdatePicker.js
ERR: 非法操作:Home

[ 2016-10-20T08:22:25+08:00 ] ::1 /estore/
ERR: 模板不存在:./Application/estore/Index/View/Index/index.html

[ 2016-10-20T08:22:46+08:00 ] ::1 /estore/Public/Home/plugin/My97DatePicker/WdatePicker.js
ERR: 非法操作:Home

[ 2016-10-20T08:24:08+08:00 ] ::1 /estore/Public/Home/plugin/My97DatePicker/WdatePicker.js
ERR: 非法操作:Home

[ 2016-10-20T08:24:44+08:00 ] ::1 /estore/Public/Home/plugin/My97DatePicker/WdatePicker.js
ERR: 非法操作:Home

[ 2016-10-20T08:25:57+08:00 ] ::1 /estore/Public/Home/plugin/My97DatePicker/WdatePicker.js
ERR: 非法操作:Home

[ 2016-10-20T08:26:23+08:00 ] ::1 /estore/Public/Home/plugin/My97DatePicker/WdatePicker.js
ERR: 非法操作:Home

[ 2016-10-20T08:26:43+08:00 ] ::1 /estore/Public/Home/plugin/My97DatePicker/WdatePicker.js
ERR: 非法操作:Home

[ 2016-10-20T08:27:06+08:00 ] ::1 /estore/Public/Home/plugin/My97DatePicker/WdatePicker.js
ERR: 非法操作:Home

[ 2016-10-20T08:28:55+08:00 ] ::1 /estore/Public/Home/plugin/My97DatePicker/WdatePicker.js
ERR: 非法操作:Home

[ 2016-10-20T08:29:10+08:00 ] ::1 /estore/Public/Home/plugin/My97DatePicker/WdatePicker.js
ERR: 非法操作:Home

[ 2016-10-20T08:29:34+08:00 ] ::1 /estore/Public/Home/plugin/My97DatePicker/WdatePicker.js
ERR: 非法操作:Home

[ 2016-10-20T08:29:56+08:00 ] ::1 /estore/Public/Home/plugin/My97DatePicker/WdatePicker.js
ERR: 非法操作:Home

[ 2016-10-20T08:29:57+08:00 ] ::1 /estore/Public/Home/plugin/My97DatePicker/WdatePicker.js
ERR: 非法操作:Home

[ 2016-10-20T08:30:03+08:00 ] ::1 /estore/Public/Home/plugin/My97DatePicker/WdatePicker.js
ERR: 非法操作:Home

[ 2016-10-20T08:30:25+08:00 ] ::1 /estore/Public/Home/plugin/My97DatePicker/WdatePicker.js
ERR: 非法操作:Home

[ 2016-10-20T08:30:25+08:00 ] ::1 /estore/Public/Home/plugin/My97DatePicker/WdatePicker.js
ERR: 非法操作:Home

[ 2016-10-20T08:31:04+08:00 ] ::1 /estore/Public/Home/plugin/My97DatePicker/WdatePicker.js
ERR: 非法操作:Home

[ 2016-10-20T08:31:05+08:00 ] ::1 /estore/Public/Home/plugin/My97DatePicker/WdatePicker.js
ERR: 非法操作:Home

[ 2016-10-20T08:31:26+08:00 ] ::1 /estore/Public/Home/plugin/My97DatePicker/WdatePicker.js
ERR: 非法操作:Home

[ 2016-10-20T08:31:27+08:00 ] ::1 /estore/Public/Home/plugin/My97DatePicker/WdatePicker.js
ERR: 非法操作:Home

[ 2016-10-20T08:31:29+08:00 ] ::1 /estore/Public/Home/plugin/My97DatePicker/WdatePicker.js
ERR: 非法操作:Home

[ 2016-10-20T08:31:46+08:00 ] ::1 /estore/Public/Home/plugin/My97DatePicker/WdatePicker.js
ERR: 非法操作:Home

[ 2016-10-20T08:31:47+08:00 ] ::1 /estore/Public/Home/plugin/My97DatePicker/WdatePicker.js
ERR: 非法操作:Home

[ 2016-10-20T08:33:27+08:00 ] ::1 /estore/Public/Home/plugin/My97DatePicker/WdatePicker.js
ERR: 非法操作:Home

[ 2016-10-20T08:33:45+08:00 ] ::1 /estore/Public/Home/plugin/My97DatePicker/WdatePicker.js
ERR: 非法操作:Home

[ 2016-10-20T08:33:46+08:00 ] ::1 /estore/Public/Home/plugin/My97DatePicker/WdatePicker.js
ERR: 非法操作:Home

[ 2016-10-20T08:34:09+08:00 ] ::1 /estore/Public/Home/plugin/My97DatePicker/WdatePicker.js
ERR: 非法操作:Home

[ 2016-10-20T08:34:10+08:00 ] ::1 /estore/Public/Home/plugin/My97DatePicker/WdatePicker.js
ERR: 非法操作:Home

[ 2016-10-20T08:34:20+08:00 ] ::1 /estore/Public/Home/plugin/My97DatePicker/WdatePicker.js
ERR: 非法操作:Home

[ 2016-10-20T08:34:20+08:00 ] ::1 /estore/Public/Home/plugin/My97DatePicker/WdatePicker.js
ERR: 非法操作:Home

[ 2016-10-20T08:34:32+08:00 ] ::1 /estore/Public/Home/plugin/My97DatePicker/WdatePicker.js
ERR: 非法操作:Home

[ 2016-10-20T08:34:32+08:00 ] ::1 /estore/Public/Home/plugin/My97DatePicker/WdatePicker.js
ERR: 非法操作:Home

[ 2016-10-20T08:42:18+08:00 ] ::1 /estore/Public/Home/plugin/My97DatePicker/WdatePicker.js
ERR: 非法操作:Home

[ 2016-10-20T08:42:22+08:00 ] ::1 /estore/Public/Home/plugin/My97DatePicker/WdatePicker.js
ERR: 非法操作:Home

[ 2016-10-20T08:43:24+08:00 ] ::1 /estore/Public/Home/plugin/My97DatePicker/WdatePicker.js
ERR: 非法操作:Home

[ 2016-10-20T08:43:27+08:00 ] ::1 /estore/Public/Home/plugin/My97DatePicker/WdatePicker.js
ERR: 非法操作:Home

[ 2016-10-20T08:43:40+08:00 ] ::1 /estore/Public/Home/plugin/My97DatePicker/WdatePicker.js
ERR: 非法操作:Home

[ 2016-10-20T08:43:41+08:00 ] ::1 /estore/Public/Home/plugin/My97DatePicker/WdatePicker.js
ERR: 非法操作:Home

[ 2016-10-20T08:43:53+08:00 ] ::1 /estore/Public/Home/plugin/My97DatePicker/WdatePicker.js
ERR: 非法操作:Home

[ 2016-10-20T08:43:54+08:00 ] ::1 /estore/Public/Home/plugin/My97DatePicker/WdatePicker.js
ERR: 非法操作:Home

[ 2016-10-20T08:46:46+08:00 ] ::1 /estore/Public/Home/plugin/My97DatePicker/WdatePicker.js
ERR: 非法操作:Home

[ 2016-10-20T08:46:48+08:00 ] ::1 /estore/Public/Home/plugin/My97DatePicker/WdatePicker.js
ERR: 非法操作:Home

[ 2016-10-20T08:46:49+08:00 ] ::1 /estore/Public/Home/plugin/My97DatePicker/WdatePicker.js
ERR: 非法操作:Home

[ 2016-10-20T08:46:54+08:00 ] ::1 /estore/Public/Home/plugin/My97DatePicker/WdatePicker.js
ERR: 非法操作:Home

[ 2016-10-20T08:47:24+08:00 ] ::1 /estore/Public/Home/plugin/My97DatePicker/WdatePicker.js
ERR: 非法操作:Home

[ 2016-10-20T08:47:26+08:00 ] ::1 /estore/Public/Home/plugin/My97DatePicker/WdatePicker.js
ERR: 非法操作:Home

[ 2016-10-20T08:47:45+08:00 ] ::1 /estore/Public/Home/plugin/My97DatePicker/WdatePicker.js
ERR: 非法操作:Home

[ 2016-10-20T08:52:20+08:00 ] ::1 /estore/Public/Home/plugin/My97DatePicker/WdatePicker.js
ERR: 非法操作:Home

[ 2016-10-20T08:52:21+08:00 ] ::1 /estore/Public/Home/plugin/My97DatePicker/WdatePicker.js
ERR: 非法操作:Home

[ 2016-10-20T08:53:07+08:00 ] ::1 /estore/Public/Home/plugin/My97DatePicker/WdatePicker.js
ERR: 非法操作:Home

[ 2016-10-20T08:55:45+08:00 ] ::1 /estore/Public/Home/plugin/My97DatePicker/WdatePicker.js
ERR: 非法操作:Home

[ 2016-10-20T08:55:46+08:00 ] ::1 /estore/Public/Home/plugin/My97DatePicker/WdatePicker.js
ERR: 非法操作:Home

[ 2016-10-20T08:55:47+08:00 ] ::1 /estore/Public/Home/plugin/My97DatePicker/WdatePicker.js
ERR: 非法操作:Home

[ 2016-10-20T08:57:10+08:00 ] ::1 /estore/Public/Home/plugin/My97DatePicker/WdatePicker.js
ERR: 非法操作:Home

[ 2016-10-20T08:57:12+08:00 ] ::1 /estore/Public/Home/plugin/My97DatePicker/WdatePicker.js
ERR: 非法操作:Home

[ 2016-10-20T08:57:27+08:00 ] ::1 /estore/Public/Home/plugin/My97DatePicker/WdatePicker.js
ERR: 非法操作:Home

[ 2016-10-20T08:57:35+08:00 ] ::1 /estore/Public/Home/plugin/My97DatePicker/WdatePicker.js
ERR: 非法操作:Home

[ 2016-10-20T08:58:13+08:00 ] ::1 /estore/Public/Home/plugin/My97DatePicker/WdatePicker.js
ERR: 非法操作:Home

[ 2016-10-20T08:58:17+08:00 ] ::1 /estore/Public/Home/plugin/My97DatePicker/WdatePicker.js
ERR: 非法操作:Home

[ 2016-10-20T08:59:18+08:00 ] ::1 /estore/Public/Home/plugin/My97DatePicker/WdatePicker.js
ERR: 非法操作:Home

[ 2016-10-20T08:59:20+08:00 ] ::1 /estore/Public/Home/plugin/My97DatePicker/WdatePicker.js
ERR: 非法操作:Home

[ 2016-10-20T09:01:04+08:00 ] ::1 /estore/Public/Home/plugin/My97DatePicker/WdatePicker.js
ERR: 非法操作:Home

[ 2016-10-20T09:01:06+08:00 ] ::1 /estore/Public/Home/plugin/My97DatePicker/WdatePicker.js
ERR: 非法操作:Home

[ 2016-10-20T09:01:06+08:00 ] ::1 /estore/Public/Home/plugin/My97DatePicker/WdatePicker.js
ERR: 非法操作:Home

[ 2016-10-20T09:01:18+08:00 ] ::1 /estore/Public/Home/plugin/My97DatePicker/WdatePicker.js
ERR: 非法操作:Home

[ 2016-10-20T09:01:19+08:00 ] ::1 /estore/Public/Home/plugin/My97DatePicker/WdatePicker.js
ERR: 非法操作:Home

[ 2016-10-20T09:01:20+08:00 ] ::1 /estore/Public/Home/plugin/My97DatePicker/WdatePicker.js
ERR: 非法操作:Home

[ 2016-10-20T09:02:05+08:00 ] ::1 /estore/Public/Home/plugin/My97DatePicker/WdatePicker.js
ERR: 非法操作:Home

[ 2016-10-20T09:02:06+08:00 ] ::1 /estore/Public/Home/plugin/My97DatePicker/WdatePicker.js
ERR: 非法操作:Home

[ 2016-10-20T09:02:07+08:00 ] ::1 /estore/Public/Home/plugin/My97DatePicker/WdatePicker.js
ERR: 非法操作:Home

[ 2016-10-20T09:02:51+08:00 ] ::1 /estore/Public/Home/plugin/My97DatePicker/WdatePicker.js
ERR: 非法操作:Home

[ 2016-10-20T09:02:53+08:00 ] ::1 /estore/Public/Home/plugin/My97DatePicker/WdatePicker.js
ERR: 非法操作:Home

[ 2016-10-20T09:03:10+08:00 ] ::1 /estore/Public/Home/plugin/My97DatePicker/WdatePicker.js
ERR: 非法操作:Home

[ 2016-10-20T09:03:55+08:00 ] ::1 /estore/Public/Home/plugin/My97DatePicker/WdatePicker.js
ERR: 非法操作:Home

[ 2016-10-20T09:03:56+08:00 ] ::1 /estore/Public/Home/plugin/My97DatePicker/WdatePicker.js
ERR: 非法操作:Home

[ 2016-10-20T09:04:09+08:00 ] ::1 /estore/Public/Home/plugin/My97DatePicker/WdatePicker.js
ERR: 非法操作:Home

[ 2016-10-20T09:08:45+08:00 ] ::1 /estore/Public/Home/plugin/My97DatePicker/WdatePicker.js
ERR: 非法操作:Home

[ 2016-10-20T09:09:20+08:00 ] ::1 /estore/Public/Home/plugin/My97DatePicker/WdatePicker.js
ERR: 非法操作:Home

[ 2016-10-20T09:09:22+08:00 ] ::1 /estore/Public/Home/plugin/My97DatePicker/WdatePicker.js
ERR: 非法操作:Home

[ 2016-10-20T09:12:31+08:00 ] ::1 /estore/Public/Home/plugin/My97DatePicker/WdatePicker.js
ERR: 非法操作:Home

[ 2016-10-20T09:13:10+08:00 ] ::1 /estore/Public/Home/plugin/My97DatePicker/WdatePicker.js
ERR: 非法操作:Home

[ 2016-10-20T09:19:26+08:00 ] ::1 /estore/Public/Home/plugin/My97DatePicker/WdatePicker.js
ERR: 非法操作:Home

[ 2016-10-20T09:21:46+08:00 ] ::1 /estore/Public/Home/plugin/My97DatePicker/WdatePicker.js
ERR: 非法操作:Home

[ 2016-10-20T09:21:51+08:00 ] ::1 /estore/Public/Home/plugin/My97DatePicker/WdatePicker.js
ERR: 非法操作:Home

[ 2016-10-20T09:22:12+08:00 ] ::1 /estore/Public/Home/plugin/My97DatePicker/WdatePicker.js
ERR: 非法操作:Home

[ 2016-10-20T09:22:13+08:00 ] ::1 /estore/Public/Home/plugin/My97DatePicker/WdatePicker.js
ERR: 非法操作:Home

[ 2016-10-20T09:22:24+08:00 ] ::1 /estore/Public/Home/plugin/My97DatePicker/WdatePicker.js
ERR: 非法操作:Home

[ 2016-10-20T09:22:26+08:00 ] ::1 /estore/Public/Home/plugin/My97DatePicker/WdatePicker.js
ERR: 非法操作:Home

[ 2016-10-20T09:22:51+08:00 ] ::1 /estore/Public/Home/plugin/My97DatePicker/WdatePicker.js
ERR: 非法操作:Home

[ 2016-10-20T09:22:52+08:00 ] ::1 /estore/Public/Home/plugin/My97DatePicker/WdatePicker.js
ERR: 非法操作:Home

[ 2016-10-20T09:24:02+08:00 ] ::1 /estore/Public/Home/plugin/My97DatePicker/WdatePicker.js
ERR: 非法操作:Home

[ 2016-10-20T09:24:03+08:00 ] ::1 /estore/Public/Home/plugin/My97DatePicker/WdatePicker.js
ERR: 非法操作:Home

[ 2016-10-20T09:24:27+08:00 ] ::1 /estore/Public/Home/plugin/My97DatePicker/WdatePicker.js
ERR: 非法操作:Home

[ 2016-10-20T09:24:28+08:00 ] ::1 /estore/Public/Home/plugin/My97DatePicker/WdatePicker.js
ERR: 非法操作:Home

[ 2016-10-20T09:24:29+08:00 ] ::1 /estore/Public/Home/plugin/My97DatePicker/WdatePicker.js
ERR: 非法操作:Home

[ 2016-10-20T09:28:46+08:00 ] ::1 /estore/Public/Home/plugin/My97DatePicker/WdatePicker.js
ERR: 非法操作:Home

[ 2016-10-20T09:29:06+08:00 ] ::1 /estore/Public/Home/plugin/My97DatePicker/WdatePicker.js
ERR: 非法操作:Home

[ 2016-10-20T09:34:31+08:00 ] ::1 /estore/Public/Home/plugin/My97DatePicker/WdatePicker.js
ERR: 非法操作:Home

[ 2016-10-20T09:34:34+08:00 ] ::1 /estore/Public/Home/plugin/My97DatePicker/WdatePicker.js
ERR: 非法操作:Home

[ 2016-10-20T09:35:50+08:00 ] ::1 /estore/Public/Home/plugin/My97DatePicker/WdatePicker.js
ERR: 非法操作:Home

[ 2016-10-20T09:35:51+08:00 ] ::1 /estore/Public/Home/plugin/My97DatePicker/WdatePicker.js
ERR: 非法操作:Home

[ 2016-10-20T09:36:18+08:00 ] ::1 /estore/Public/Home/plugin/My97DatePicker/WdatePicker.js
ERR: 非法操作:Home

[ 2016-10-20T09:36:20+08:00 ] ::1 /estore/Public/Home/plugin/My97DatePicker/WdatePicker.js
ERR: 非法操作:Home

[ 2016-10-20T09:36:33+08:00 ] ::1 /estore/Public/Home/plugin/My97DatePicker/WdatePicker.js
ERR: 非法操作:Home

[ 2016-10-20T09:36:35+08:00 ] ::1 /estore/Public/Home/plugin/My97DatePicker/WdatePicker.js
ERR: 非法操作:Home

[ 2016-10-20T09:43:30+08:00 ] ::1 /estore/Public/Home/plugin/My97DatePicker/WdatePicker.js
ERR: 非法操作:Home

[ 2016-10-20T09:43:31+08:00 ] ::1 /estore/Public/Home/plugin/My97DatePicker/WdatePicker.js
ERR: 非法操作:Home

[ 2016-10-20T09:43:33+08:00 ] ::1 /estore/Public/Home/plugin/My97DatePicker/WdatePicker.js
ERR: 非法操作:Home

[ 2016-10-20T09:43:52+08:00 ] ::1 /estore/Public/Home/plugin/My97DatePicker/WdatePicker.js
ERR: 非法操作:Home

[ 2016-10-20T09:44:00+08:00 ] ::1 /estore/Public/Home/plugin/My97DatePicker/WdatePicker.js
ERR: 非法操作:Home

[ 2016-10-20T09:44:10+08:00 ] ::1 /estore/Public/Home/plugin/My97DatePicker/WdatePicker.js
ERR: 非法操作:Home

[ 2016-10-20T09:44:20+08:00 ] ::1 /estore/Public/Home/plugin/My97DatePicker/WdatePicker.js
ERR: 非法操作:Home

[ 2016-10-20T09:44:24+08:00 ] ::1 /estore/Public/Home/plugin/My97DatePicker/WdatePicker.js
ERR: 非法操作:Home

[ 2016-10-20T09:44:52+08:00 ] ::1 /estore/Public/Home/plugin/My97DatePicker/WdatePicker.js
ERR: 非法操作:Home

[ 2016-10-20T09:46:58+08:00 ] ::1 /estore/Public/Home/plugin/My97DatePicker/WdatePicker.js
ERR: 非法操作:Home

[ 2016-10-20T09:48:03+08:00 ] ::1 /estore/Public/Home/plugin/My97DatePicker/WdatePicker.js
ERR: 非法操作:Home

[ 2016-10-20T09:48:14+08:00 ] ::1 /estore/Public/Home/plugin/My97DatePicker/WdatePicker.js
ERR: 非法操作:Home

[ 2016-10-20T09:48:36+08:00 ] ::1 /estore/Public/Home/plugin/My97DatePicker/WdatePicker.js
ERR: 非法操作:Home

[ 2016-10-20T09:49:18+08:00 ] ::1 /estore/Public/Home/plugin/My97DatePicker/WdatePicker.js
ERR: 非法操作:Home

[ 2016-10-20T09:49:41+08:00 ] ::1 /estore/Public/Home/plugin/My97DatePicker/WdatePicker.js
ERR: 非法操作:Home

[ 2016-10-20T10:05:05+08:00 ] ::1 /estore/Public/Home/plugin/My97DatePicker/WdatePicker.js
ERR: 非法操作:Home

[ 2016-10-20T10:29:28+08:00 ] ::1 /estore/Public/Home/plugin/My97DatePicker/WdatePicker.js
ERR: 非法操作:Home

[ 2016-10-20T10:31:54+08:00 ] ::1 /estore/Public/Home/plugin/My97DatePicker/WdatePicker.js
ERR: 非法操作:Home

[ 2016-10-20T10:50:54+08:00 ] ::1 /estore/Public/Home/plugin/My97DatePicker/WdatePicker.js
ERR: 非法操作:Home

[ 2016-10-20T10:52:21+08:00 ] ::1 /estore/Public/Home/plugin/My97DatePicker/WdatePicker.js
ERR: 非法操作:Home

[ 2016-10-20T10:55:34+08:00 ] ::1 /estore/Public/Home/plugin/My97DatePicker/WdatePicker.js
ERR: 非法操作:Home

[ 2016-10-20T10:55:58+08:00 ] ::1 /estore/Public/Home/plugin/My97DatePicker/WdatePicker.js
ERR: 非法操作:Home

[ 2016-10-20T10:56:11+08:00 ] ::1 /estore/Public/Home/plugin/My97DatePicker/WdatePicker.js
ERR: 非法操作:Home

[ 2016-10-20T10:56:53+08:00 ] ::1 /estore/Public/Home/plugin/My97DatePicker/WdatePicker.js
ERR: 非法操作:Home

[ 2016-10-20T10:57:11+08:00 ] ::1 /estore/Public/Home/plugin/My97DatePicker/WdatePicker.js
ERR: 非法操作:Home

[ 2016-10-20T10:57:23+08:00 ] ::1 /estore/Public/Home/plugin/My97DatePicker/WdatePicker.js
ERR: 非法操作:Home

[ 2016-10-20T10:57:51+08:00 ] ::1 /estore/Public/Home/plugin/My97DatePicker/WdatePicker.js
ERR: 非法操作:Home

[ 2016-10-20T11:05:02+08:00 ] ::1 /estore/Public/Home/plugin/My97DatePicker/WdatePicker.js
ERR: 非法操作:Home

[ 2016-10-20T11:05:22+08:00 ] ::1 /estore/Public/Home/plugin/My97DatePicker/WdatePicker.js
ERR: 非法操作:Home

[ 2016-10-20T11:05:28+08:00 ] ::1 /estore/Public/Home/plugin/My97DatePicker/WdatePicker.js
ERR: 非法操作:Home

[ 2016-10-20T11:06:15+08:00 ] ::1 /estore/Public/Home/plugin/My97DatePicker/WdatePicker.js
ERR: 非法操作:Home

[ 2016-10-20T11:06:15+08:00 ] ::1 /estore/Public/Home/plugin/My97DatePicker/WdatePicker.js
ERR: 非法操作:Home

[ 2016-10-20T11:06:39+08:00 ] ::1 /estore/Public/Home/plugin/My97DatePicker/WdatePicker.js
ERR: 非法操作:Home

[ 2016-10-20T11:06:43+08:00 ] ::1 /estore/Public/Home/plugin/My97DatePicker/WdatePicker.js
ERR: 非法操作:Home

[ 2016-10-20T11:07:21+08:00 ] ::1 /estore/Public/Home/plugin/My97DatePicker/WdatePicker.js
ERR: 非法操作:Home

[ 2016-10-20T11:07:22+08:00 ] ::1 /estore/Public/Home/plugin/My97DatePicker/WdatePicker.js
ERR: 非法操作:Home

[ 2016-10-20T11:07:27+08:00 ] ::1 /estore/Public/Home/plugin/My97DatePicker/WdatePicker.js
ERR: 非法操作:Home

[ 2016-10-20T11:08:02+08:00 ] ::1 /estore/Public/Home/plugin/My97DatePicker/WdatePicker.js
ERR: 非法操作:Home

[ 2016-10-20T11:08:23+08:00 ] ::1 /estore/Public/Home/plugin/My97DatePicker/WdatePicker.js
ERR: 非法操作:Home

[ 2016-10-20T11:08:54+08:00 ] ::1 /estore/Public/Home/plugin/My97DatePicker/WdatePicker.js
ERR: 非法操作:Home

[ 2016-10-20T11:08:55+08:00 ] ::1 /estore/Public/Home/plugin/My97DatePicker/WdatePicker.js
ERR: 非法操作:Home

[ 2016-10-20T11:08:58+08:00 ] ::1 /estore/Public/Home/plugin/My97DatePicker/WdatePicker.js
ERR: 非法操作:Home

[ 2016-10-20T11:09:35+08:00 ] ::1 /estore/Public/Home/plugin/My97DatePicker/WdatePicker.js
ERR: 非法操作:Home

[ 2016-10-20T11:09:38+08:00 ] ::1 /estore/Public/Home/plugin/My97DatePicker/WdatePicker.js
ERR: 非法操作:Home

[ 2016-10-20T11:09:39+08:00 ] ::1 /estore/Public/Home/plugin/My97DatePicker/WdatePicker.js
ERR: 非法操作:Home

[ 2016-10-20T11:09:40+08:00 ] ::1 /estore/Public/Home/plugin/My97DatePicker/WdatePicker.js
ERR: 非法操作:Home

[ 2016-10-20T14:10:28+08:00 ] ::1 /estore/
ERR: 模板不存在:./Application/estore/Index/View/Index/index.html

[ 2016-10-20T14:10:44+08:00 ] ::1 /estore/Public/Home/plugin/My97DatePicker/WdatePicker.js
ERR: 非法操作:Home

[ 2016-10-20T14:10:59+08:00 ] ::1 /estore/Public/Home/plugin/My97DatePicker/WdatePicker.js
ERR: 非法操作:Home

[ 2016-10-20T14:11:04+08:00 ] ::1 /estore/Public/Home/plugin/My97DatePicker/WdatePicker.js
ERR: 非法操作:Home

[ 2016-10-20T14:11:05+08:00 ] ::1 /estore/Public/Home/plugin/My97DatePicker/WdatePicker.js
ERR: 非法操作:Home

[ 2016-10-20T14:11:06+08:00 ] ::1 /estore/Public/Home/plugin/My97DatePicker/WdatePicker.js
ERR: 非法操作:Home

[ 2016-10-20T14:14:23+08:00 ] ::1 /estore/Public/Home/plugin/My97DatePicker/WdatePicker.js
ERR: 非法操作:Home

[ 2016-10-20T14:14:27+08:00 ] ::1 /estore/Public/Home/plugin/My97DatePicker/WdatePicker.js
ERR: 非法操作:Home

[ 2016-10-20T14:14:30+08:00 ] ::1 /estore/Public/Home/plugin/My97DatePicker/WdatePicker.js
ERR: 非法操作:Home

[ 2016-10-20T14:14:32+08:00 ] ::1 /estore/Public/Home/plugin/My97DatePicker/WdatePicker.js
ERR: 非法操作:Home

[ 2016-10-20T14:14:32+08:00 ] ::1 /estore/Public/Home/plugin/My97DatePicker/WdatePicker.js
ERR: 非法操作:Home

[ 2016-10-20T14:14:37+08:00 ] ::1 /estore/Public/Home/plugin/My97DatePicker/WdatePicker.js
ERR: 非法操作:Home

[ 2016-10-20T14:14:39+08:00 ] ::1 /estore/Public/Home/plugin/My97DatePicker/WdatePicker.js
ERR: 非法操作:Home

[ 2016-10-20T14:14:49+08:00 ] ::1 /estore/Public/Home/plugin/My97DatePicker/WdatePicker.js
ERR: 非法操作:Home

[ 2016-10-20T14:16:18+08:00 ] ::1 /estore/Public/Home/plugin/My97DatePicker/WdatePicker.js
ERR: 非法操作:Home

[ 2016-10-20T14:16:20+08:00 ] ::1 /estore/Public/Home/plugin/My97DatePicker/WdatePicker.js
ERR: 非法操作:Home

[ 2016-10-20T14:16:56+08:00 ] ::1 /estore/Public/Home/plugin/My97DatePicker/WdatePicker.js
ERR: 非法操作:Home

[ 2016-10-20T14:16:58+08:00 ] ::1 /estore/Public/Home/plugin/My97DatePicker/WdatePicker.js
ERR: 非法操作:Home

[ 2016-10-20T14:17:58+08:00 ] ::1 /estore/Public/Home/plugin/My97DatePicker/WdatePicker.js
ERR: 非法操作:Home

[ 2016-10-20T14:17:59+08:00 ] ::1 /estore/Public/Home/plugin/My97DatePicker/WdatePicker.js
ERR: 非法操作:Home

[ 2016-10-20T14:18:15+08:00 ] ::1 /estore/Public/Home/plugin/My97DatePicker/WdatePicker.js
ERR: 非法操作:Home

[ 2016-10-20T14:18:17+08:00 ] ::1 /estore/Public/Home/plugin/My97DatePicker/WdatePicker.js
ERR: 非法操作:Home

[ 2016-10-20T14:18:37+08:00 ] ::1 /estore/Public/Home/plugin/My97DatePicker/WdatePicker.js
ERR: 非法操作:Home

[ 2016-10-20T14:18:38+08:00 ] ::1 /estore/Public/Home/plugin/My97DatePicker/WdatePicker.js
ERR: 非法操作:Home

[ 2016-10-20T14:20:44+08:00 ] ::1 /estore/Public/Home/plugin/My97DatePicker/WdatePicker.js
ERR: 非法操作:Home

[ 2016-10-20T14:20:45+08:00 ] ::1 /estore/Public/Home/plugin/My97DatePicker/WdatePicker.js
ERR: 非法操作:Home

[ 2016-10-20T14:24:20+08:00 ] ::1 /estore/Public/Home/plugin/My97DatePicker/WdatePicker.js
ERR: 非法操作:Home

[ 2016-10-20T14:24:21+08:00 ] ::1 /estore/Public/Home/plugin/My97DatePicker/WdatePicker.js
ERR: 非法操作:Home

[ 2016-10-20T14:24:22+08:00 ] ::1 /estore/Public/Home/plugin/My97DatePicker/WdatePicker.js
ERR: 非法操作:Home

[ 2016-10-20T14:24:38+08:00 ] ::1 /estore/Public/Home/plugin/My97DatePicker/WdatePicker.js
ERR: 非法操作:Home

[ 2016-10-20T14:24:40+08:00 ] ::1 /estore/Public/Home/plugin/My97DatePicker/WdatePicker.js
ERR: 非法操作:Home

[ 2016-10-20T14:25:02+08:00 ] ::1 /estore/Public/Home/plugin/My97DatePicker/WdatePicker.js
ERR: 非法操作:Home

[ 2016-10-20T14:25:03+08:00 ] ::1 /estore/Public/Home/plugin/My97DatePicker/WdatePicker.js
ERR: 非法操作:Home

[ 2016-10-20T14:25:06+08:00 ] ::1 /estore/Public/Home/plugin/My97DatePicker/WdatePicker.js
ERR: 非法操作:Home

[ 2016-10-20T14:25:38+08:00 ] ::1 /estore/Public/Home/plugin/My97DatePicker/WdatePicker.js
ERR: 非法操作:Home

[ 2016-10-20T14:25:38+08:00 ] ::1 /estore/Public/Home/plugin/My97DatePicker/WdatePicker.js
ERR: 非法操作:Home

[ 2016-10-20T14:25:44+08:00 ] ::1 /estore/Public/Home/plugin/My97DatePicker/WdatePicker.js
ERR: 非法操作:Home

[ 2016-10-20T14:25:59+08:00 ] ::1 /estore/Public/Home/plugin/My97DatePicker/WdatePicker.js
ERR: 非法操作:Home

[ 2016-10-20T14:26:00+08:00 ] ::1 /estore/Public/Home/plugin/My97DatePicker/WdatePicker.js
ERR: 非法操作:Home

[ 2016-10-20T14:26:07+08:00 ] ::1 /estore/Public/Home/plugin/My97DatePicker/WdatePicker.js
ERR: 非法操作:Home

[ 2016-10-20T14:26:31+08:00 ] ::1 /estore/Public/Home/plugin/My97DatePicker/WdatePicker.js
ERR: 非法操作:Home

[ 2016-10-20T14:57:27+08:00 ] ::1 /estore/Public/Home/plugin/My97DatePicker/WdatePicker.js
ERR: 非法操作:Home

[ 2016-10-20T15:12:24+08:00 ] ::1 /estore/Public/Home/plugin/My97DatePicker/WdatePicker.js
ERR: 非法操作:Home

[ 2016-10-20T15:12:24+08:00 ] ::1 /estore/Public/Home/plugin/My97DatePicker/WdatePicker.js
ERR: 非法操作:Home

[ 2016-10-20T15:14:16+08:00 ] ::1 /estore/Public/Home/plugin/My97DatePicker/WdatePicker.js
ERR: 非法操作:Home

[ 2016-10-20T15:14:16+08:00 ] ::1 /estore/Public/Home/plugin/My97DatePicker/WdatePicker.js
ERR: 非法操作:Home

[ 2016-10-20T15:15:19+08:00 ] ::1 /estore/Public/Home/plugin/My97DatePicker/WdatePicker.js
ERR: 非法操作:Home

[ 2016-10-20T15:15:34+08:00 ] ::1 /estore/Public/Home/plugin/My97DatePicker/WdatePicker.js
ERR: 非法操作:Home

[ 2016-10-20T15:16:22+08:00 ] ::1 /estore/Public/Home/plugin/My97DatePicker/WdatePicker.js
ERR: 非法操作:Home

[ 2016-10-20T15:16:22+08:00 ] ::1 /estore/Public/Home/plugin/My97DatePicker/WdatePicker.js
ERR: 非法操作:Home

[ 2016-10-20T15:17:27+08:00 ] ::1 /estore/Public/Home/plugin/My97DatePicker/WdatePicker.js
ERR: 非法操作:Home

[ 2016-10-20T15:17:27+08:00 ] ::1 /estore/Public/Home/plugin/My97DatePicker/WdatePicker.js
ERR: 非法操作:Home

[ 2016-10-20T15:18:52+08:00 ] ::1 /estore/Public/Home/plugin/My97DatePicker/WdatePicker.js
ERR: 非法操作:Home

[ 2016-10-20T15:18:52+08:00 ] ::1 /estore/Public/Home/plugin/My97DatePicker/WdatePicker.js
ERR: 非法操作:Home

[ 2016-10-20T15:19:00+08:00 ] ::1 /estore/Public/Home/plugin/My97DatePicker/WdatePicker.js
ERR: 非法操作:Home

[ 2016-10-20T15:19:00+08:00 ] ::1 /estore/Public/Home/plugin/My97DatePicker/WdatePicker.js
ERR: 非法操作:Home

[ 2016-10-20T15:19:55+08:00 ] ::1 /estore/Public/Home/plugin/My97DatePicker/WdatePicker.js
ERR: 非法操作:Home

[ 2016-10-20T15:19:55+08:00 ] ::1 /estore/Public/Home/plugin/My97DatePicker/WdatePicker.js
ERR: 非法操作:Home

[ 2016-10-20T15:21:51+08:00 ] ::1 /estore/Public/Home/plugin/My97DatePicker/WdatePicker.js
ERR: 非法操作:Home

[ 2016-10-20T15:21:51+08:00 ] ::1 /estore/Public/Home/plugin/My97DatePicker/WdatePicker.js
ERR: 非法操作:Home

[ 2016-10-20T15:22:16+08:00 ] ::1 /estore/Public/Home/plugin/My97DatePicker/WdatePicker.js
ERR: 非法操作:Home

[ 2016-10-20T15:22:20+08:00 ] ::1 /estore/Public/Home/plugin/My97DatePicker/WdatePicker.js
ERR: 非法操作:Home

[ 2016-10-20T15:22:20+08:00 ] ::1 /estore/Public/Home/plugin/My97DatePicker/WdatePicker.js
ERR: 非法操作:Home

[ 2016-10-20T15:23:08+08:00 ] ::1 /estore/Public/Home/plugin/My97DatePicker/WdatePicker.js
ERR: 非法操作:Home

[ 2016-10-20T15:24:25+08:00 ] ::1 /estore/Public/Home/plugin/My97DatePicker/WdatePicker.js
ERR: 非法操作:Home

[ 2016-10-20T15:24:25+08:00 ] ::1 /estore/Public/Home/plugin/My97DatePicker/WdatePicker.js
ERR: 非法操作:Home

[ 2016-10-20T15:25:25+08:00 ] ::1 /estore/Public/Home/plugin/My97DatePicker/WdatePicker.js
ERR: 非法操作:Home

[ 2016-10-20T15:34:03+08:00 ] ::1 /estore/Public/Home/plugin/My97DatePicker/WdatePicker.js
ERR: 非法操作:Home

[ 2016-10-20T15:35:07+08:00 ] ::1 /estore/Public/Home/plugin/My97DatePicker/WdatePicker.js
ERR: 非法操作:Home

[ 2016-10-20T15:35:36+08:00 ] ::1 /estore/Public/Home/plugin/My97DatePicker/WdatePicker.js
ERR: 非法操作:Home

[ 2016-10-20T15:36:25+08:00 ] ::1 /estore/Public/Home/plugin/My97DatePicker/WdatePicker.js
ERR: 非法操作:Home

[ 2016-10-20T15:36:55+08:00 ] ::1 /estore/Public/Home/plugin/My97DatePicker/WdatePicker.js
ERR: 非法操作:Home

[ 2016-10-20T15:37:06+08:00 ] ::1 /estore/Public/Home/plugin/My97DatePicker/WdatePicker.js
ERR: 非法操作:Home

[ 2016-10-20T15:37:36+08:00 ] ::1 /estore/Public/Home/plugin/My97DatePicker/WdatePicker.js
ERR: 非法操作:Home

[ 2016-10-20T15:37:49+08:00 ] ::1 /estore/Public/Home/plugin/My97DatePicker/WdatePicker.js
ERR: 非法操作:Home

[ 2016-10-20T16:00:36+08:00 ] ::1 /estore/Public/css/public.css
ERR: 非法操作:css

[ 2016-10-20T16:00:46+08:00 ] ::1 /estore/Public/css/public.css
ERR: 非法操作:css

[ 2016-10-20T16:02:38+08:00 ] ::1 /estore/Public/css/public.css
ERR: 非法操作:css

[ 2016-10-20T16:08:39+08:00 ] ::1 /estore/Public/css/public.css
ERR: 非法操作:css

[ 2016-10-20T16:10:19+08:00 ] ::1 /estore/Public/Home/plugin/My97DatePicker/WdatePicker.js
ERR: 非法操作:Home

[ 2016-10-20T16:10:23+08:00 ] ::1 /estore/Public/Home/plugin/My97DatePicker/WdatePicker.js
ERR: 非法操作:Home

[ 2016-10-20T16:10:53+08:00 ] ::1 /estore/index.php/Index
ERR: 模板不存在:./Application/estore/Index/View/Index/index.html

[ 2016-10-20T16:13:43+08:00 ] ::1 /estore/Public/Home/plugin/My97DatePicker/WdatePicker.js
ERR: 非法操作:Home

[ 2016-10-20T16:26:24+08:00 ] ::1 /estore/Public/Home/plugin/My97DatePicker/WdatePicker.js
ERR: 非法操作:Home

[ 2016-10-20T16:26:24+08:00 ] ::1 /estore/Public/Home/plugin/My97DatePicker/WdatePicker.js
ERR: 非法操作:Home

[ 2016-10-20T16:26:28+08:00 ] ::1 /estore/Public/Home/plugin/My97DatePicker/WdatePicker.js
ERR: 非法操作:Home

[ 2016-10-20T16:26:29+08:00 ] ::1 /estore/Public/Home/plugin/My97DatePicker/WdatePicker.js
ERR: 非法操作:Home

[ 2016-10-20T16:26:30+08:00 ] ::1 /estore/Public/Home/plugin/My97DatePicker/WdatePicker.js
ERR: 非法操作:Home

[ 2016-10-20T16:26:54+08:00 ] ::1 /estore/Public/Home/plugin/My97DatePicker/WdatePicker.js
ERR: 非法操作:Home

[ 2016-10-20T16:26:56+08:00 ] ::1 /estore/Public/Home/plugin/My97DatePicker/WdatePicker.js
ERR: 非法操作:Home

[ 2016-10-20T16:27:00+08:00 ] ::1 /estore/Public/Home/plugin/My97DatePicker/WdatePicker.js
ERR: 非法操作:Home

[ 2016-10-20T16:27:01+08:00 ] ::1 /estore/Public/Home/plugin/My97DatePicker/WdatePicker.js
ERR: 非法操作:Home

[ 2016-10-20T16:27:26+08:00 ] ::1 /estore/Public/Home/plugin/My97DatePicker/WdatePicker.js
ERR: 非法操作:Home

[ 2016-10-20T16:27:30+08:00 ] ::1 /estore/Public/Home/plugin/My97DatePicker/WdatePicker.js
ERR: 非法操作:Home

[ 2016-10-20T16:27:32+08:00 ] ::1 /estore/Public/Home/plugin/My97DatePicker/WdatePicker.js
ERR: 非法操作:Home

[ 2016-10-20T16:28:09+08:00 ] ::1 /estore/Public/Home/plugin/My97DatePicker/WdatePicker.js
ERR: 非法操作:Home

[ 2016-10-20T17:35:34+08:00 ] ::1 /estore/index.php/Index/Goods/index.html
ERR: Think\Controller:categoryList方法不存在！

[ 2016-10-20T17:36:21+08:00 ] ::1 /estore/index.php/Index/Goods/index.html
ERR: 模板不存在:./Application/estore/Index/View/Goods/categoryList.html

[ 2016-10-20T18:06:23+08:00 ] ::1 /estore/index.php/Index/Goods/showById/id/2.html
ERR: 模板不存在:./Application/estore/Index/View/Goods/goodsDetail.html

[ 2016-10-20T19:20:16+08:00 ] ::1 /estore/index.php/Index/Cart/addCart.html
ERR: 模板不存在:./Application/estore/Index/View/Cart/addCart.html

[ 2016-10-20T19:48:52+08:00 ] ::1 /estore/index.php/Index/Cart/addCart/id/2.html
ERR: 1062:Duplicate entry '2' for key 'PRIMARY'
 [ SQL语句 ] : INSERT INTO `goods` (`id`,`goods_name`,`goods_price`,`goods_pic`,`count`,`regtime`,`store_price`,`description`,`hits`,`category_id`,`recommend`) VALUES ('2','阿迪达斯男运动长裤','1','/estore/Public/Uploads/Goods/20161020/5808316432c80.jpg','20','2016-10-20 14:25:43','2','运动裤1运动裤1运动裤1运动裤1运动裤1运动裤1运动裤1运动裤1运动裤1运动裤1运动裤1运动裤1运动裤1运动裤1运动裤1','0','12','1')

[ 2016-10-20T19:49:56+08:00 ] ::1 /estore/index.php/Index/Cart/addCart/id/2.html
ERR: 1364:Field 'category_id' doesn't have a default value
 [ SQL语句 ] : INSERT INTO `goods` (`goods_name`,`goods_price`,`goods_pic`,`store_price`) VALUES ('阿迪达斯男运动长裤','1','/estore/Public/Uploads/Goods/20161020/5808316432c80.jpg','2')

[ 2016-10-20T19:50:12+08:00 ] ::1 /estore/index.php/Index/Cart/addCart/id/2.html
ERR: 1406:Data too long for column 'goods_pic' at row 1
 [ SQL语句 ] : INSERT INTO `cart` (`goods_id`,`goods_name`,`goods_price`,`goods_pic`,`store_price`,`num`,`amount`) VALUES ('2','阿迪达斯男运动长裤','1','/estore/Public/Uploads/Goods/20161020/5808316432c80.jpg','2','1','2')

[ 2016-10-20T20:00:20+08:00 ] ::1 /estore/index.php/Index/Cart/css/style.css
ERR: 非法操作:css

[ 2016-10-20T20:00:29+08:00 ] ::1 /estore/index.php/Index/Cart/css/style.css
ERR: 非法操作:css

[ 2016-10-20T20:03:43+08:00 ] ::1 /estore/index.php/Index/Cart/css/style.css
ERR: 非法操作:css

[ 2016-10-20T20:52:37+08:00 ] ::1 /estore/index.php/Index/Order/index.html
ERR: 模板不存在:./Application/estore/Index/View/Order/index.html

[ 2016-10-20T20:54:40+08:00 ] ::1 /estore/index.php/Index/Order/css/style.css
ERR: 非法操作:css

