[ 2016-10-24T10:20:03+08:00 ] ::1 /estore/Public/Home/plugin/My97DatePicker/WdatePicker.js
ERR: 非法操作:Home

[ 2016-10-24T10:20:06+08:00 ] ::1 /estore/Public/Home/plugin/My97DatePicker/WdatePicker.js
ERR: 非法操作:Home

[ 2016-10-24T10:20:08+08:00 ] ::1 /estore/Public/Home/plugin/My97DatePicker/WdatePicker.js
ERR: 非法操作:Home

[ 2016-10-24T10:26:11+08:00 ] ::1 /estore/Public/Home/plugin/My97DatePicker/WdatePicker.js
ERR: 非法操作:Home

[ 2016-10-24T10:26:13+08:00 ] ::1 /estore/Public/Home/plugin/My97DatePicker/WdatePicker.js
ERR: 非法操作:Home

[ 2016-10-24T10:26:42+08:00 ] ::1 /estore/Public/Home/plugin/My97DatePicker/WdatePicker.js
ERR: 非法操作:Home

[ 2016-10-24T10:26:47+08:00 ] ::1 /estore/Public/Home/plugin/My97DatePicker/WdatePicker.js
ERR: 非法操作:Home

[ 2016-10-24T10:26:59+08:00 ] ::1 /estore/Public/Home/plugin/My97DatePicker/WdatePicker.js
ERR: 非法操作:Home

[ 2016-10-24T10:27:01+08:00 ] ::1 /estore/Public/Home/plugin/My97DatePicker/WdatePicker.js
ERR: 非法操作:Home

[ 2016-10-24T10:27:05+08:00 ] ::1 /estore/Public/Home/plugin/My97DatePicker/WdatePicker.js
ERR: 非法操作:Home

[ 2016-10-24T10:27:14+08:00 ] ::1 /estore/Public/Home/plugin/My97DatePicker/WdatePicker.js
ERR: 非法操作:Home

[ 2016-10-24T10:27:16+08:00 ] ::1 /estore/Public/Home/plugin/My97DatePicker/WdatePicker.js
ERR: 非法操作:Home

[ 2016-10-24T10:27:18+08:00 ] ::1 /estore/Public/Home/plugin/My97DatePicker/WdatePicker.js
ERR: 非法操作:Home

[ 2016-10-24T10:27:39+08:00 ] ::1 /estore/Public/Home/plugin/My97DatePicker/WdatePicker.js
ERR: 非法操作:Home

[ 2016-10-24T10:27:40+08:00 ] ::1 /estore/Public/Home/plugin/My97DatePicker/WdatePicker.js
ERR: 非法操作:Home

[ 2016-10-24T10:27:41+08:00 ] ::1 /estore/Public/Home/plugin/My97DatePicker/WdatePicker.js
ERR: 非法操作:Home

[ 2016-10-24T10:27:43+08:00 ] ::1 /estore/Public/Home/plugin/My97DatePicker/WdatePicker.js
ERR: 非法操作:Home

[ 2016-10-24T10:27:51+08:00 ] ::1 /estore/Public/Home/plugin/My97DatePicker/WdatePicker.js
ERR: 非法操作:Home

[ 2016-10-24T10:27:53+08:00 ] ::1 /estore/Public/Home/plugin/My97DatePicker/WdatePicker.js
ERR: 非法操作:Home

[ 2016-10-24T10:27:53+08:00 ] ::1 /estore/Public/Home/plugin/My97DatePicker/WdatePicker.js
ERR: 非法操作:Home

[ 2016-10-24T10:27:55+08:00 ] ::1 /estore/Public/Home/plugin/My97DatePicker/WdatePicker.js
ERR: 非法操作:Home

[ 2016-10-24T10:28:01+08:00 ] ::1 /estore/Public/Home/plugin/My97DatePicker/WdatePicker.js
ERR: 非法操作:Home

[ 2016-10-24T10:28:02+08:00 ] ::1 /estore/Public/Home/plugin/My97DatePicker/WdatePicker.js
ERR: 非法操作:Home

[ 2016-10-24T10:28:03+08:00 ] ::1 /estore/Public/Home/plugin/My97DatePicker/WdatePicker.js
ERR: 非法操作:Home

[ 2016-10-24T10:28:03+08:00 ] ::1 /estore/Public/Home/plugin/My97DatePicker/WdatePicker.js
ERR: 非法操作:Home

[ 2016-10-24T10:28:05+08:00 ] ::1 /estore/Public/Home/plugin/My97DatePicker/WdatePicker.js
ERR: 非法操作:Home

[ 2016-10-24T10:28:12+08:00 ] ::1 /estore/Public/Home/plugin/My97DatePicker/WdatePicker.js
ERR: 非法操作:Home

[ 2016-10-24T10:28:14+08:00 ] ::1 /estore/Public/Home/plugin/My97DatePicker/WdatePicker.js
ERR: 非法操作:Home

[ 2016-10-24T10:28:14+08:00 ] ::1 /estore/Public/Home/plugin/My97DatePicker/WdatePicker.js
ERR: 非法操作:Home

[ 2016-10-24T10:28:15+08:00 ] ::1 /estore/Public/Home/plugin/My97DatePicker/WdatePicker.js
ERR: 非法操作:Home

[ 2016-10-24T10:28:17+08:00 ] ::1 /estore/Public/Home/plugin/My97DatePicker/WdatePicker.js
ERR: 非法操作:Home

[ 2016-10-24T10:28:22+08:00 ] ::1 /estore/Public/Home/plugin/My97DatePicker/WdatePicker.js
ERR: 非法操作:Home

[ 2016-10-24T10:28:23+08:00 ] ::1 /estore/Public/Home/plugin/My97DatePicker/WdatePicker.js
ERR: 非法操作:Home

[ 2016-10-24T10:28:24+08:00 ] ::1 /estore/Public/Home/plugin/My97DatePicker/WdatePicker.js
ERR: 非法操作:Home

[ 2016-10-24T10:28:24+08:00 ] ::1 /estore/Public/Home/plugin/My97DatePicker/WdatePicker.js
ERR: 非法操作:Home

[ 2016-10-24T10:28:25+08:00 ] ::1 /estore/Public/Home/plugin/My97DatePicker/WdatePicker.js
ERR: 非法操作:Home

[ 2016-10-24T10:28:27+08:00 ] ::1 /estore/Public/Home/plugin/My97DatePicker/WdatePicker.js
ERR: 非法操作:Home

[ 2016-10-24T10:28:34+08:00 ] ::1 /estore/Public/Home/plugin/My97DatePicker/WdatePicker.js
ERR: 非法操作:Home

[ 2016-10-24T10:28:35+08:00 ] ::1 /estore/Public/Home/plugin/My97DatePicker/WdatePicker.js
ERR: 非法操作:Home

[ 2016-10-24T10:28:36+08:00 ] ::1 /estore/Public/Home/plugin/My97DatePicker/WdatePicker.js
ERR: 非法操作:Home

[ 2016-10-24T10:28:36+08:00 ] ::1 /estore/Public/Home/plugin/My97DatePicker/WdatePicker.js
ERR: 非法操作:Home

[ 2016-10-24T10:28:37+08:00 ] ::1 /estore/Public/Home/plugin/My97DatePicker/WdatePicker.js
ERR: 非法操作:Home

[ 2016-10-24T10:28:39+08:00 ] ::1 /estore/Public/Home/plugin/My97DatePicker/WdatePicker.js
ERR: 非法操作:Home

[ 2016-10-24T10:28:45+08:00 ] ::1 /estore/Public/Home/plugin/My97DatePicker/WdatePicker.js
ERR: 非法操作:Home

[ 2016-10-24T10:28:46+08:00 ] ::1 /estore/Public/Home/plugin/My97DatePicker/WdatePicker.js
ERR: 非法操作:Home

[ 2016-10-24T10:28:47+08:00 ] ::1 /estore/Public/Home/plugin/My97DatePicker/WdatePicker.js
ERR: 非法操作:Home

[ 2016-10-24T10:28:52+08:00 ] ::1 /estore/Public/Home/plugin/My97DatePicker/WdatePicker.js
ERR: 非法操作:Home

[ 2016-10-24T10:29:19+08:00 ] ::1 /estore/Public/Home/plugin/My97DatePicker/WdatePicker.js
ERR: 非法操作:Home

[ 2016-10-24T10:29:21+08:00 ] ::1 /estore/Public/Home/plugin/My97DatePicker/WdatePicker.js
ERR: 非法操作:Home

[ 2016-10-24T10:30:42+08:00 ] ::1 /estore/Public/Home/plugin/My97DatePicker/WdatePicker.js
ERR: 非法操作:Home

[ 2016-10-24T10:30:43+08:00 ] ::1 /estore/Public/Home/plugin/My97DatePicker/WdatePicker.js
ERR: 非法操作:Home

[ 2016-10-24T10:30:47+08:00 ] ::1 /estore/Public/Home/plugin/My97DatePicker/WdatePicker.js
ERR: 非法操作:Home

[ 2016-10-24T10:30:59+08:00 ] ::1 /estore/Public/Home/plugin/My97DatePicker/WdatePicker.js
ERR: 非法操作:Home

[ 2016-10-24T10:31:05+08:00 ] ::1 /estore/Public/Home/plugin/My97DatePicker/WdatePicker.js
ERR: 非法操作:Home

[ 2016-10-24T10:31:10+08:00 ] ::1 /estore/Public/Home/plugin/My97DatePicker/WdatePicker.js
ERR: 非法操作:Home

[ 2016-10-24T10:58:01+08:00 ] ::1 /estore/Public/Home/plugin/My97DatePicker/WdatePicker.js
ERR: 非法操作:Home

[ 2016-10-24T11:11:38+08:00 ] ::1 /estore/Public/Home/plugin/My97DatePicker/WdatePicker.js
ERR: 非法操作:Home

[ 2016-10-24T11:13:00+08:00 ] ::1 /estore/Public/Home/plugin/My97DatePicker/WdatePicker.js
ERR: 非法操作:Home

[ 2016-10-24T11:16:16+08:00 ] ::1 /estore/Public/Home/plugin/My97DatePicker/WdatePicker.js
ERR: 非法操作:Home

[ 2016-10-24T11:24:09+08:00 ] ::1 /estore/Public/Home/plugin/My97DatePicker/WdatePicker.js
ERR: 非法操作:Home

[ 2016-10-24T11:24:44+08:00 ] ::1 /estore/Public/Home/plugin/My97DatePicker/WdatePicker.js
ERR: 非法操作:Home

[ 2016-10-24T11:34:40+08:00 ] ::1 /estore/Public/Home/plugin/My97DatePicker/WdatePicker.js
ERR: 非法操作:Home

[ 2016-10-24T14:04:57+08:00 ] ::1 /estore/Public/Home/plugin/My97DatePicker/WdatePicker.js
ERR: 非法操作:Home

[ 2016-10-24T14:09:58+08:00 ] ::1 /estore/Public/Home/plugin/My97DatePicker/WdatePicker.js
ERR: 非法操作:Home

[ 2016-10-24T14:10:48+08:00 ] ::1 /estore/Public/Home/plugin/My97DatePicker/WdatePicker.js
ERR: 非法操作:Home

[ 2016-10-24T14:11:28+08:00 ] ::1 /estore/Public/Home/plugin/My97DatePicker/WdatePicker.js
ERR: 非法操作:Home

[ 2016-10-24T14:11:44+08:00 ] ::1 /estore/Public/Home/plugin/My97DatePicker/WdatePicker.js
ERR: 非法操作:Home

[ 2016-10-24T14:11:56+08:00 ] ::1 /estore/Public/Home/plugin/My97DatePicker/WdatePicker.js
ERR: 非法操作:Home

[ 2016-10-24T14:13:41+08:00 ] ::1 /estore/Public/Home/plugin/My97DatePicker/WdatePicker.js
ERR: 非法操作:Home

[ 2016-10-24T14:13:43+08:00 ] ::1 /estore/Public/Home/plugin/My97DatePicker/WdatePicker.js
ERR: 非法操作:Home

[ 2016-10-24T14:15:03+08:00 ] ::1 /estore/Public/Home/plugin/My97DatePicker/WdatePicker.js
ERR: 非法操作:Home

[ 2016-10-24T14:15:04+08:00 ] ::1 /estore/Public/Home/plugin/My97DatePicker/WdatePicker.js
ERR: 非法操作:Home

[ 2016-10-24T14:15:39+08:00 ] ::1 /estore/Public/Home/plugin/My97DatePicker/WdatePicker.js
ERR: 非法操作:Home

[ 2016-10-24T14:15:41+08:00 ] ::1 /estore/Public/Home/plugin/My97DatePicker/WdatePicker.js
ERR: 非法操作:Home

[ 2016-10-24T14:15:52+08:00 ] ::1 /estore/Public/Home/plugin/My97DatePicker/WdatePicker.js
ERR: 非法操作:Home

[ 2016-10-24T14:15:58+08:00 ] ::1 /estore/Public/Home/plugin/My97DatePicker/WdatePicker.js
ERR: 非法操作:Home

[ 2016-10-24T14:17:58+08:00 ] ::1 /estore/Public/Home/plugin/My97DatePicker/WdatePicker.js
ERR: 非法操作:Home

[ 2016-10-24T14:18:00+08:00 ] ::1 /estore/Public/Home/plugin/My97DatePicker/WdatePicker.js
ERR: 非法操作:Home

[ 2016-10-24T14:18:19+08:00 ] ::1 /estore/Public/Home/plugin/My97DatePicker/WdatePicker.js
ERR: 非法操作:Home

[ 2016-10-24T14:18:20+08:00 ] ::1 /estore/Public/Home/plugin/My97DatePicker/WdatePicker.js
ERR: 非法操作:Home

[ 2016-10-24T14:31:16+08:00 ] ::1 /estore/Public/Home/plugin/My97DatePicker/WdatePicker.js
ERR: 非法操作:Home

[ 2016-10-24T14:31:17+08:00 ] ::1 /estore/Public/Home/plugin/My97DatePicker/WdatePicker.js
ERR: 非法操作:Home

[ 2016-10-24T14:32:35+08:00 ] ::1 /estore/Public/Home/plugin/My97DatePicker/WdatePicker.js
ERR: 非法操作:Home

[ 2016-10-24T14:33:15+08:00 ] ::1 /estore/Public/Home/plugin/My97DatePicker/WdatePicker.js
ERR: 非法操作:Home

[ 2016-10-24T14:33:44+08:00 ] ::1 /estore/Public/Home/plugin/My97DatePicker/WdatePicker.js
ERR: 非法操作:Home

[ 2016-10-24T14:34:01+08:00 ] ::1 /estore/Public/Home/plugin/My97DatePicker/WdatePicker.js
ERR: 非法操作:Home

[ 2016-10-24T14:34:02+08:00 ] ::1 /estore/Public/Home/plugin/My97DatePicker/WdatePicker.js
ERR: 非法操作:Home

[ 2016-10-24T14:35:42+08:00 ] ::1 /estore/Public/Home/plugin/My97DatePicker/WdatePicker.js
ERR: 非法操作:Home

[ 2016-10-24T14:35:55+08:00 ] ::1 /estore/Public/Home/plugin/My97DatePicker/WdatePicker.js
ERR: 非法操作:Home

[ 2016-10-24T14:37:05+08:00 ] ::1 /estore/Public/Home/plugin/My97DatePicker/WdatePicker.js
ERR: 非法操作:Home

[ 2016-10-24T14:38:36+08:00 ] ::1 /estore/Public/Home/plugin/My97DatePicker/WdatePicker.js
ERR: 非法操作:Home

[ 2016-10-24T14:38:38+08:00 ] ::1 /estore/Public/Home/plugin/My97DatePicker/WdatePicker.js
ERR: 非法操作:Home

[ 2016-10-24T14:38:38+08:00 ] ::1 /estore/Public/Home/plugin/My97DatePicker/WdatePicker.js
ERR: 非法操作:Home

[ 2016-10-24T14:40:15+08:00 ] ::1 /estore/Public/Home/plugin/My97DatePicker/WdatePicker.js
ERR: 非法操作:Home

[ 2016-10-24T14:40:16+08:00 ] ::1 /estore/Public/Home/plugin/My97DatePicker/WdatePicker.js
ERR: 非法操作:Home

[ 2016-10-24T14:40:45+08:00 ] ::1 /estore/Public/Home/plugin/My97DatePicker/WdatePicker.js
ERR: 非法操作:Home

[ 2016-10-24T14:40:48+08:00 ] ::1 /estore/Public/Home/plugin/My97DatePicker/WdatePicker.js
ERR: 非法操作:Home

[ 2016-10-24T14:41:26+08:00 ] ::1 /estore/Public/Home/plugin/My97DatePicker/WdatePicker.js
ERR: 非法操作:Home

[ 2016-10-24T14:41:28+08:00 ] ::1 /estore/Public/Home/plugin/My97DatePicker/WdatePicker.js
ERR: 非法操作:Home

[ 2016-10-24T14:41:28+08:00 ] ::1 /estore/Public/Home/plugin/My97DatePicker/WdatePicker.js
ERR: 非法操作:Home

[ 2016-10-24T14:41:54+08:00 ] ::1 /estore/Public/Home/plugin/My97DatePicker/WdatePicker.js
ERR: 非法操作:Home

[ 2016-10-24T14:45:32+08:00 ] ::1 /estore/Public/Home/plugin/My97DatePicker/WdatePicker.js
ERR: 非法操作:Home

[ 2016-10-24T14:45:45+08:00 ] ::1 /estore/Public/Home/plugin/My97DatePicker/WdatePicker.js
ERR: 非法操作:Home

[ 2016-10-24T14:45:46+08:00 ] ::1 /estore/Public/Home/plugin/My97DatePicker/WdatePicker.js
ERR: 非法操作:Home

[ 2016-10-24T14:45:46+08:00 ] ::1 /estore/Public/Home/plugin/My97DatePicker/WdatePicker.js
ERR: 非法操作:Home

[ 2016-10-24T14:46:06+08:00 ] ::1 /estore/Public/Home/plugin/My97DatePicker/WdatePicker.js
ERR: 非法操作:Home

[ 2016-10-24T14:46:07+08:00 ] ::1 /estore/Public/Home/plugin/My97DatePicker/WdatePicker.js
ERR: 非法操作:Home

[ 2016-10-24T14:47:00+08:00 ] ::1 /estore/Public/Home/plugin/My97DatePicker/WdatePicker.js
ERR: 非法操作:Home

[ 2016-10-24T14:47:00+08:00 ] ::1 /estore/Public/Home/plugin/My97DatePicker/WdatePicker.js
ERR: 非法操作:Home

[ 2016-10-24T14:49:35+08:00 ] ::1 /estore/Public/Home/plugin/My97DatePicker/WdatePicker.js
ERR: 非法操作:Home

[ 2016-10-24T14:49:38+08:00 ] ::1 /estore/Public/Home/plugin/My97DatePicker/WdatePicker.js
ERR: 非法操作:Home

[ 2016-10-24T14:49:38+08:00 ] ::1 /estore/Public/Home/plugin/My97DatePicker/WdatePicker.js
ERR: 非法操作:Home

[ 2016-10-24T14:49:41+08:00 ] ::1 /estore/Public/Home/plugin/My97DatePicker/WdatePicker.js
ERR: 非法操作:Home

[ 2016-10-24T14:49:44+08:00 ] ::1 /estore/Public/Home/plugin/My97DatePicker/WdatePicker.js
ERR: 非法操作:Home

[ 2016-10-24T14:49:51+08:00 ] ::1 /estore/Public/Home/plugin/My97DatePicker/WdatePicker.js
ERR: 非法操作:Home

[ 2016-10-24T14:49:51+08:00 ] ::1 /estore/Public/Home/plugin/My97DatePicker/WdatePicker.js
ERR: 非法操作:Home

[ 2016-10-24T14:50:01+08:00 ] ::1 /estore/Public/Home/plugin/My97DatePicker/WdatePicker.js
ERR: 非法操作:Home

[ 2016-10-24T14:50:02+08:00 ] ::1 /estore/Public/Home/plugin/My97DatePicker/WdatePicker.js
ERR: 非法操作:Home

[ 2016-10-24T14:50:04+08:00 ] ::1 /estore/Public/Home/plugin/My97DatePicker/WdatePicker.js
ERR: 非法操作:Home

[ 2016-10-24T14:50:04+08:00 ] ::1 /estore/Public/Home/plugin/My97DatePicker/WdatePicker.js
ERR: 非法操作:Home

[ 2016-10-24T14:52:08+08:00 ] ::1 /estore/Public/Home/plugin/My97DatePicker/WdatePicker.js
ERR: 非法操作:Home

[ 2016-10-24T14:52:09+08:00 ] ::1 /estore/Public/Home/plugin/My97DatePicker/WdatePicker.js
ERR: 非法操作:Home

[ 2016-10-24T14:52:10+08:00 ] ::1 /estore/Public/Home/plugin/My97DatePicker/WdatePicker.js
ERR: 非法操作:Home

[ 2016-10-24T14:52:17+08:00 ] ::1 /estore/Public/Home/plugin/My97DatePicker/WdatePicker.js
ERR: 非法操作:Home

[ 2016-10-24T14:55:44+08:00 ] ::1 /estore/Public/Home/plugin/My97DatePicker/WdatePicker.js
ERR: 非法操作:Home

[ 2016-10-24T14:55:45+08:00 ] ::1 /estore/Public/Home/plugin/My97DatePicker/WdatePicker.js
ERR: 非法操作:Home

[ 2016-10-24T14:55:45+08:00 ] ::1 /estore/Public/Home/plugin/My97DatePicker/WdatePicker.js
ERR: 非法操作:Home

[ 2016-10-24T14:55:52+08:00 ] ::1 /estore/Public/Home/plugin/My97DatePicker/WdatePicker.js
ERR: 非法操作:Home

[ 2016-10-24T14:55:57+08:00 ] ::1 /estore/Public/Home/plugin/My97DatePicker/WdatePicker.js
ERR: 非法操作:Home

[ 2016-10-24T14:55:57+08:00 ] ::1 /estore/Public/Home/plugin/My97DatePicker/WdatePicker.js
ERR: 非法操作:Home

[ 2016-10-24T14:56:03+08:00 ] ::1 /estore/Public/Home/plugin/My97DatePicker/WdatePicker.js
ERR: 非法操作:Home

[ 2016-10-24T14:56:17+08:00 ] ::1 /estore/Public/Home/plugin/My97DatePicker/WdatePicker.js
ERR: 非法操作:Home

[ 2016-10-24T14:56:17+08:00 ] ::1 /estore/Public/Home/plugin/My97DatePicker/WdatePicker.js
ERR: 非法操作:Home

[ 2016-10-24T14:56:22+08:00 ] ::1 /estore/Public/Home/plugin/My97DatePicker/WdatePicker.js
ERR: 非法操作:Home

[ 2016-10-24T14:56:24+08:00 ] ::1 /estore/Public/Home/plugin/My97DatePicker/WdatePicker.js
ERR: 非法操作:Home

[ 2016-10-24T14:56:24+08:00 ] ::1 /estore/Public/Home/plugin/My97DatePicker/WdatePicker.js
ERR: 非法操作:Home

[ 2016-10-24T14:56:39+08:00 ] ::1 /estore/Public/Home/plugin/My97DatePicker/WdatePicker.js
ERR: 非法操作:Home

[ 2016-10-24T14:56:42+08:00 ] ::1 /estore/Public/Home/plugin/My97DatePicker/WdatePicker.js
ERR: 非法操作:Home

[ 2016-10-24T14:56:42+08:00 ] ::1 /estore/Public/Home/plugin/My97DatePicker/WdatePicker.js
ERR: 非法操作:Home

[ 2016-10-24T14:56:44+08:00 ] ::1 /estore/Public/Home/plugin/My97DatePicker/WdatePicker.js
ERR: 非法操作:Home

[ 2016-10-24T14:57:04+08:00 ] ::1 /estore/Public/Home/plugin/My97DatePicker/WdatePicker.js
ERR: 非法操作:Home

[ 2016-10-24T14:57:14+08:00 ] ::1 /estore/Public/Home/plugin/My97DatePicker/WdatePicker.js
ERR: 非法操作:Home

[ 2016-10-24T14:57:16+08:00 ] ::1 /estore/Public/Home/plugin/My97DatePicker/WdatePicker.js
ERR: 非法操作:Home

[ 2016-10-24T14:57:16+08:00 ] ::1 /estore/Public/Home/plugin/My97DatePicker/WdatePicker.js
ERR: 非法操作:Home

[ 2016-10-24T14:57:57+08:00 ] ::1 /estore/Public/Home/plugin/My97DatePicker/WdatePicker.js
ERR: 非法操作:Home

[ 2016-10-24T14:58:22+08:00 ] ::1 /estore/Public/Home/plugin/My97DatePicker/WdatePicker.js
ERR: 非法操作:Home

[ 2016-10-24T14:58:25+08:00 ] ::1 /estore/Public/Home/plugin/My97DatePicker/WdatePicker.js
ERR: 非法操作:Home

[ 2016-10-24T14:59:26+08:00 ] ::1 /estore/Public/Home/plugin/My97DatePicker/WdatePicker.js
ERR: 非法操作:Home

[ 2016-10-24T14:59:31+08:00 ] ::1 /estore/Public/Home/plugin/My97DatePicker/WdatePicker.js
ERR: 非法操作:Home

[ 2016-10-24T14:59:40+08:00 ] ::1 /estore/Public/Home/plugin/My97DatePicker/WdatePicker.js
ERR: 非法操作:Home

[ 2016-10-24T14:59:45+08:00 ] ::1 /estore/Public/Home/plugin/My97DatePicker/WdatePicker.js
ERR: 非法操作:Home

[ 2016-10-24T15:00:03+08:00 ] ::1 /estore/Public/Home/plugin/My97DatePicker/WdatePicker.js
ERR: 非法操作:Home

[ 2016-10-24T15:15:28+08:00 ] ::1 /estore/Public/Home/plugin/My97DatePicker/WdatePicker.js
ERR: 非法操作:Home

[ 2016-10-24T15:15:28+08:00 ] ::1 /estore/Public/Home/plugin/My97DatePicker/WdatePicker.js
ERR: 非法操作:Home

[ 2016-10-24T15:15:39+08:00 ] ::1 /estore/Public/Home/plugin/My97DatePicker/WdatePicker.js
ERR: 非法操作:Home

[ 2016-10-24T15:15:42+08:00 ] ::1 /estore/Public/Home/plugin/My97DatePicker/WdatePicker.js
ERR: 非法操作:Home

[ 2016-10-24T15:15:42+08:00 ] ::1 /estore/Public/Home/plugin/My97DatePicker/WdatePicker.js
ERR: 非法操作:Home

[ 2016-10-24T15:17:11+08:00 ] ::1 /estore/Public/Home/plugin/My97DatePicker/WdatePicker.js
ERR: 非法操作:Home

[ 2016-10-24T15:17:15+08:00 ] ::1 /estore/Public/Home/plugin/My97DatePicker/WdatePicker.js
ERR: 非法操作:Home

[ 2016-10-24T15:17:15+08:00 ] ::1 /estore/Public/Home/plugin/My97DatePicker/WdatePicker.js
ERR: 非法操作:Home

[ 2016-10-24T15:23:18+08:00 ] ::1 /estore/Public/Home/plugin/My97DatePicker/WdatePicker.js
ERR: 非法操作:Home

[ 2016-10-24T16:37:11+08:00 ] ::1 /estore/Public/Home/plugin/My97DatePicker/WdatePicker.js
ERR: 非法操作:Home

[ 2016-10-24T16:38:21+08:00 ] ::1 /estore/Public/Home/plugin/My97DatePicker/WdatePicker.js
ERR: 非法操作:Home

[ 2016-10-24T16:39:14+08:00 ] ::1 /estore/Public/Home/plugin/My97DatePicker/WdatePicker.js
ERR: 非法操作:Home

[ 2016-10-24T16:41:09+08:00 ] ::1 /estore/Public/Home/plugin/My97DatePicker/WdatePicker.js
ERR: 非法操作:Home

[ 2016-10-24T16:41:46+08:00 ] ::1 /estore/Public/Home/plugin/My97DatePicker/WdatePicker.js
ERR: 非法操作:Home

[ 2016-10-24T16:45:48+08:00 ] ::1 /estore/Public/Home/plugin/My97DatePicker/WdatePicker.js
ERR: 非法操作:Home

[ 2016-10-24T16:45:58+08:00 ] ::1 /estore/Public/Home/plugin/My97DatePicker/WdatePicker.js
ERR: 非法操作:Home

[ 2016-10-24T16:47:29+08:00 ] ::1 /estore/Public/Home/plugin/My97DatePicker/WdatePicker.js
ERR: 非法操作:Home

[ 2016-10-24T16:49:30+08:00 ] ::1 /estore/index.phpHome/Login/index
ERR: 非法操作:Login

[ 2016-10-24T17:00:27+08:00 ] ::1 /estore/index.phpHome/Login/index
ERR: 非法操作:Login

[ 2016-10-24T17:04:02+08:00 ] ::1 /estore/Public/Home/plugin/My97DatePicker/WdatePicker.js
ERR: 非法操作:Home

[ 2016-10-24T17:06:52+08:00 ] ::1 /estore/Public/Home/plugin/My97DatePicker/WdatePicker.js
ERR: 非法操作:Home

[ 2016-10-24T17:22:09+08:00 ] ::1 /estore/Public/Home/plugin/My97DatePicker/WdatePicker.js
ERR: 非法操作:Home

[ 2016-10-24T17:24:00+08:00 ] ::1 /estore/Public/Home/plugin/My97DatePicker/WdatePicker.js
ERR: 非法操作:Home

[ 2016-10-24T17:24:58+08:00 ] ::1 /estore/Public/Home/plugin/My97DatePicker/WdatePicker.js
ERR: 非法操作:Home

[ 2016-10-24T17:25:59+08:00 ] ::1 /estore/Public/Home/plugin/My97DatePicker/WdatePicker.js
ERR: 非法操作:Home

[ 2016-10-24T17:26:02+08:00 ] ::1 /estore/Public/Home/plugin/My97DatePicker/WdatePicker.js
ERR: 非法操作:Home

[ 2016-10-24T17:26:40+08:00 ] ::1 /estore/Public/Home/plugin/My97DatePicker/WdatePicker.js
ERR: 非法操作:Home

[ 2016-10-24T17:26:42+08:00 ] ::1 /estore/Public/Home/plugin/My97DatePicker/WdatePicker.js
ERR: 非法操作:Home

[ 2016-10-24T17:26:44+08:00 ] ::1 /estore/Public/Home/plugin/My97DatePicker/WdatePicker.js
ERR: 非法操作:Home

[ 2016-10-24T17:26:45+08:00 ] ::1 /estore/Public/Home/plugin/My97DatePicker/WdatePicker.js
ERR: 非法操作:Home

[ 2016-10-24T17:27:23+08:00 ] ::1 /estore/Public/Home/plugin/My97DatePicker/WdatePicker.js
ERR: 非法操作:Home

[ 2016-10-24T17:27:25+08:00 ] ::1 /estore/Public/Home/plugin/My97DatePicker/WdatePicker.js
ERR: 非法操作:Home

[ 2016-10-24T17:27:28+08:00 ] ::1 /estore/Public/Home/plugin/My97DatePicker/WdatePicker.js
ERR: 非法操作:Home

[ 2016-10-24T17:27:50+08:00 ] ::1 /estore/Public/Home/plugin/My97DatePicker/WdatePicker.js
ERR: 非法操作:Home

[ 2016-10-24T17:27:52+08:00 ] ::1 /estore/Public/Home/plugin/My97DatePicker/WdatePicker.js
ERR: 非法操作:Home

[ 2016-10-24T17:28:12+08:00 ] ::1 /estore/Public/Home/plugin/My97DatePicker/WdatePicker.js
ERR: 非法操作:Home

[ 2016-10-24T17:28:14+08:00 ] ::1 /estore/Public/Home/plugin/My97DatePicker/WdatePicker.js
ERR: 非法操作:Home

[ 2016-10-24T17:28:27+08:00 ] ::1 /estore/Public/Home/plugin/My97DatePicker/WdatePicker.js
ERR: 非法操作:Home

[ 2016-10-24T17:28:49+08:00 ] ::1 /estore/Public/Home/plugin/My97DatePicker/WdatePicker.js
ERR: 非法操作:Home

[ 2016-10-24T17:28:51+08:00 ] ::1 /estore/Public/Home/plugin/My97DatePicker/WdatePicker.js
ERR: 非法操作:Home

[ 2016-10-24T17:29:12+08:00 ] ::1 /estore/Public/Home/plugin/My97DatePicker/WdatePicker.js
ERR: 非法操作:Home

[ 2016-10-24T17:29:14+08:00 ] ::1 /estore/Public/Home/plugin/My97DatePicker/WdatePicker.js
ERR: 非法操作:Home

[ 2016-10-24T17:29:38+08:00 ] ::1 /estore/Public/Home/plugin/My97DatePicker/WdatePicker.js
ERR: 非法操作:Home

[ 2016-10-24T17:29:40+08:00 ] ::1 /estore/Public/Home/plugin/My97DatePicker/WdatePicker.js
ERR: 非法操作:Home

[ 2016-10-24T17:30:23+08:00 ] ::1 /estore/Public/Home/plugin/My97DatePicker/WdatePicker.js
ERR: 非法操作:Home

[ 2016-10-24T17:30:25+08:00 ] ::1 /estore/Public/Home/plugin/My97DatePicker/WdatePicker.js
ERR: 非法操作:Home

[ 2016-10-24T17:31:34+08:00 ] ::1 /estore/Public/Home/plugin/My97DatePicker/WdatePicker.js
ERR: 非法操作:Home

[ 2016-10-24T17:31:35+08:00 ] ::1 /estore/Public/Home/plugin/My97DatePicker/WdatePicker.js
ERR: 非法操作:Home

[ 2016-10-24T17:31:56+08:00 ] ::1 /estore/Public/Home/plugin/My97DatePicker/WdatePicker.js
ERR: 非法操作:Home

[ 2016-10-24T17:31:57+08:00 ] ::1 /estore/Public/Home/plugin/My97DatePicker/WdatePicker.js
ERR: 非法操作:Home

[ 2016-10-24T17:32:35+08:00 ] ::1 /estore/Public/Home/plugin/My97DatePicker/WdatePicker.js
ERR: 非法操作:Home

[ 2016-10-24T17:32:37+08:00 ] ::1 /estore/Public/Home/plugin/My97DatePicker/WdatePicker.js
ERR: 非法操作:Home

[ 2016-10-24T17:33:00+08:00 ] ::1 /estore/Public/Home/plugin/My97DatePicker/WdatePicker.js
ERR: 非法操作:Home

[ 2016-10-24T17:33:01+08:00 ] ::1 /estore/Public/Home/plugin/My97DatePicker/WdatePicker.js
ERR: 非法操作:Home

[ 2016-10-24T17:33:22+08:00 ] ::1 /estore/Public/Home/plugin/My97DatePicker/WdatePicker.js
ERR: 非法操作:Home

[ 2016-10-24T17:33:23+08:00 ] ::1 /estore/Public/Home/plugin/My97DatePicker/WdatePicker.js
ERR: 非法操作:Home

[ 2016-10-24T17:35:47+08:00 ] ::1 /estore/Public/Home/plugin/My97DatePicker/WdatePicker.js
ERR: 非法操作:Home

[ 2016-10-24T17:36:16+08:00 ] ::1 /estore/Public/Home/plugin/My97DatePicker/WdatePicker.js
ERR: 非法操作:Home

[ 2016-10-24T17:36:18+08:00 ] ::1 /estore/Public/Home/plugin/My97DatePicker/WdatePicker.js
ERR: 非法操作:Home

[ 2016-10-24T17:36:43+08:00 ] ::1 /estore/Public/Home/plugin/My97DatePicker/WdatePicker.js
ERR: 非法操作:Home

[ 2016-10-24T17:37:03+08:00 ] ::1 /estore/Public/Home/plugin/My97DatePicker/WdatePicker.js
ERR: 非法操作:Home

[ 2016-10-24T17:37:05+08:00 ] ::1 /estore/Public/Home/plugin/My97DatePicker/WdatePicker.js
ERR: 非法操作:Home

[ 2016-10-24T17:37:41+08:00 ] ::1 /estore/Public/Home/plugin/My97DatePicker/WdatePicker.js
ERR: 非法操作:Home

[ 2016-10-24T17:37:43+08:00 ] ::1 /estore/Public/Home/plugin/My97DatePicker/WdatePicker.js
ERR: 非法操作:Home

[ 2016-10-24T17:37:47+08:00 ] ::1 /estore/Public/Home/plugin/My97DatePicker/WdatePicker.js
ERR: 非法操作:Home

[ 2016-10-24T17:37:49+08:00 ] ::1 /estore/Public/Home/plugin/My97DatePicker/WdatePicker.js
ERR: 非法操作:Home

[ 2016-10-24T17:38:09+08:00 ] ::1 /estore/Public/Home/plugin/My97DatePicker/WdatePicker.js
ERR: 非法操作:Home

[ 2016-10-24T17:38:09+08:00 ] ::1 /estore/Public/Home/plugin/My97DatePicker/WdatePicker.js
ERR: 非法操作:Home

[ 2016-10-24T17:38:10+08:00 ] ::1 /estore/Public/Home/plugin/My97DatePicker/WdatePicker.js
ERR: 非法操作:Home

[ 2016-10-24T17:38:32+08:00 ] ::1 /estore/Public/Home/plugin/My97DatePicker/WdatePicker.js
ERR: 非法操作:Home

[ 2016-10-24T17:40:38+08:00 ] ::1 /estore/Public/Home/plugin/My97DatePicker/WdatePicker.js
ERR: 非法操作:Home

[ 2016-10-24T17:41:03+08:00 ] ::1 /estore/Public/Home/plugin/My97DatePicker/WdatePicker.js
ERR: 非法操作:Home

[ 2016-10-24T17:41:24+08:00 ] ::1 /estore/Public/Home/plugin/My97DatePicker/WdatePicker.js
ERR: 非法操作:Home

[ 2016-10-24T17:41:31+08:00 ] ::1 /estore/Public/Home/plugin/My97DatePicker/WdatePicker.js
ERR: 非法操作:Home

[ 2016-10-24T17:41:36+08:00 ] ::1 /estore/Public/Home/plugin/My97DatePicker/WdatePicker.js
ERR: 非法操作:Home

[ 2016-10-24T17:41:39+08:00 ] ::1 /estore/Public/Home/plugin/My97DatePicker/WdatePicker.js
ERR: 非法操作:Home

[ 2016-10-24T17:41:40+08:00 ] ::1 /estore/Public/Home/plugin/My97DatePicker/WdatePicker.js
ERR: 非法操作:Home

[ 2016-10-24T17:41:40+08:00 ] ::1 /estore/Public/Home/plugin/My97DatePicker/WdatePicker.js
ERR: 非法操作:Home

[ 2016-10-24T17:41:41+08:00 ] ::1 /estore/Public/Home/plugin/My97DatePicker/WdatePicker.js
ERR: 非法操作:Home

[ 2016-10-24T17:41:42+08:00 ] ::1 /estore/Public/Home/plugin/My97DatePicker/WdatePicker.js
ERR: 非法操作:Home

[ 2016-10-24T17:41:42+08:00 ] ::1 /estore/Public/Home/plugin/My97DatePicker/WdatePicker.js
ERR: 非法操作:Home

[ 2016-10-24T17:42:15+08:00 ] ::1 /estore/Public/Home/plugin/My97DatePicker/WdatePicker.js
ERR: 非法操作:Home

[ 2016-10-24T17:42:52+08:00 ] ::1 /estore/Public/Home/plugin/My97DatePicker/WdatePicker.js
ERR: 非法操作:Home

[ 2016-10-24T17:43:15+08:00 ] ::1 /estore/Public/Home/plugin/My97DatePicker/WdatePicker.js
ERR: 非法操作:Home

[ 2016-10-24T17:43:38+08:00 ] ::1 /estore/Public/Home/plugin/My97DatePicker/WdatePicker.js
ERR: 非法操作:Home

[ 2016-10-24T17:43:40+08:00 ] ::1 /estore/Public/Home/plugin/My97DatePicker/WdatePicker.js
ERR: 非法操作:Home

[ 2016-10-24T17:44:08+08:00 ] ::1 /estore/Public/Home/plugin/My97DatePicker/WdatePicker.js
ERR: 非法操作:Home

[ 2016-10-24T17:44:09+08:00 ] ::1 /estore/Public/Home/plugin/My97DatePicker/WdatePicker.js
ERR: 非法操作:Home

[ 2016-10-24T17:44:30+08:00 ] ::1 /estore/Public/Home/plugin/My97DatePicker/WdatePicker.js
ERR: 非法操作:Home

[ 2016-10-24T17:44:49+08:00 ] ::1 /estore/Public/Home/plugin/My97DatePicker/WdatePicker.js
ERR: 非法操作:Home

[ 2016-10-24T17:45:25+08:00 ] ::1 /estore/Public/Home/plugin/My97DatePicker/WdatePicker.js
ERR: 非法操作:Home

[ 2016-10-24T17:47:28+08:00 ] ::1 /estore/Public/Home/plugin/My97DatePicker/WdatePicker.js
ERR: 非法操作:Home

[ 2016-10-24T17:47:57+08:00 ] ::1 /estore/Public/Home/plugin/My97DatePicker/WdatePicker.js
ERR: 非法操作:Home

[ 2016-10-24T17:48:03+08:00 ] ::1 /estore/Public/Home/plugin/My97DatePicker/WdatePicker.js
ERR: 非法操作:Home

[ 2016-10-24T17:48:24+08:00 ] ::1 /estore/Public/Home/plugin/My97DatePicker/WdatePicker.js
ERR: 非法操作:Home

[ 2016-10-24T17:48:25+08:00 ] ::1 /estore/Public/Home/plugin/My97DatePicker/WdatePicker.js
ERR: 非法操作:Home

[ 2016-10-24T17:49:39+08:00 ] ::1 /estore/Public/Home/plugin/My97DatePicker/WdatePicker.js
ERR: 非法操作:Home

[ 2016-10-24T17:50:27+08:00 ] ::1 /estore/Public/Home/plugin/My97DatePicker/WdatePicker.js
ERR: 非法操作:Home

[ 2016-10-24T17:50:28+08:00 ] ::1 /estore/Public/Home/plugin/My97DatePicker/WdatePicker.js
ERR: 非法操作:Home

[ 2016-10-24T17:51:48+08:00 ] ::1 /estore/Public/Home/plugin/My97DatePicker/WdatePicker.js
ERR: 非法操作:Home

[ 2016-10-24T17:51:53+08:00 ] ::1 /estore/Public/Home/plugin/My97DatePicker/WdatePicker.js
ERR: 非法操作:Home

[ 2016-10-24T17:51:56+08:00 ] ::1 /estore/Public/Home/plugin/My97DatePicker/WdatePicker.js
ERR: 非法操作:Home

[ 2016-10-24T17:52:28+08:00 ] ::1 /estore/Public/Home/plugin/My97DatePicker/WdatePicker.js
ERR: 非法操作:Home

[ 2016-10-24T17:52:33+08:00 ] ::1 /estore/Public/Home/plugin/My97DatePicker/WdatePicker.js
ERR: 非法操作:Home

[ 2016-10-24T18:08:21+08:00 ] ::1 /estore/index.php/Index/Goods/showByCategory/id/12.html
ERR: 1064:You have an error in your SQL syntax; check the manual that corresponds to your MySQL server version for the right syntax to use near ')' at line 1
 [ SQL语句 ] : SELECT * FROM `goods` WHERE `category_id` IN () 

[ 2016-10-24T18:10:39+08:00 ] ::1 /estore/Public/Home/plugin/My97DatePicker/WdatePicker.js
ERR: 非法操作:Home

[ 2016-10-24T18:11:45+08:00 ] ::1 /estore/Public/Home/plugin/My97DatePicker/WdatePicker.js
ERR: 非法操作:Home

[ 2016-10-24T18:11:50+08:00 ] ::1 /estore/Public/Home/plugin/My97DatePicker/WdatePicker.js
ERR: 非法操作:Home

[ 2016-10-24T18:11:58+08:00 ] ::1 /estore/Public/Home/plugin/My97DatePicker/WdatePicker.js
ERR: 非法操作:Home

[ 2016-10-24T18:11:58+08:00 ] ::1 /estore/Public/Home/plugin/My97DatePicker/WdatePicker.js
ERR: 非法操作:Home

[ 2016-10-24T18:12:02+08:00 ] ::1 /estore/Public/Home/plugin/My97DatePicker/WdatePicker.js
ERR: 非法操作:Home

