[ 2016-10-23T14:23:14+08:00 ] ::1 /estore/index.php/Index/User/index.php
ERR: 非法操作:index.php

[ 2016-10-23T14:30:57+08:00 ] ::1 /estore/index.php/Index/User/cart.php?act=show
ERR: 非法操作:cart.php

[ 2016-10-23T14:31:29+08:00 ] ::1 /estore/index.php/Index/User/cart.php?act=show
ERR: 非法操作:cart.php

[ 2016-10-23T14:50:11+08:00 ] ::1 /estore/Public/Home/plugin/My97DatePicker/WdatePicker.js
ERR: 非法操作:Home

[ 2016-10-23T14:51:01+08:00 ] ::1 /estore/Public/Home/plugin/My97DatePicker/WdatePicker.js
ERR: 非法操作:Home

[ 2016-10-23T14:51:03+08:00 ] ::1 /estore/Public/Home/plugin/My97DatePicker/WdatePicker.js
ERR: 非法操作:Home

[ 2016-10-23T14:51:24+08:00 ] ::1 /estore/Public/Home/plugin/My97DatePicker/WdatePicker.js
ERR: 非法操作:Home

[ 2016-10-23T14:51:27+08:00 ] ::1 /estore/Public/Home/plugin/My97DatePicker/WdatePicker.js
ERR: 非法操作:Home

[ 2016-10-23T15:04:43+08:00 ] ::1 /estore/Public/Home/plugin/My97DatePicker/WdatePicker.js
ERR: 非法操作:Home

[ 2016-10-23T15:05:07+08:00 ] ::1 /estore/Public/Home/plugin/My97DatePicker/WdatePicker.js
ERR: 非法操作:Home

[ 2016-10-23T15:05:41+08:00 ] ::1 /estore/Public/Home/plugin/My97DatePicker/WdatePicker.js
ERR: 非法操作:Home

[ 2016-10-23T15:06:03+08:00 ] ::1 /estore/Public/Home/plugin/My97DatePicker/WdatePicker.js
ERR: 非法操作:Home

[ 2016-10-23T15:07:18+08:00 ] ::1 /estore/Public/Home/plugin/My97DatePicker/WdatePicker.js
ERR: 非法操作:Home

[ 2016-10-23T15:10:33+08:00 ] ::1 /estore/Public/Home/plugin/My97DatePicker/WdatePicker.js
ERR: 非法操作:Home

[ 2016-10-23T15:11:21+08:00 ] ::1 /estore/Public/Home/plugin/My97DatePicker/WdatePicker.js
ERR: 非法操作:Home

[ 2016-10-23T15:11:23+08:00 ] ::1 /estore/Public/Home/plugin/My97DatePicker/WdatePicker.js
ERR: 非法操作:Home

[ 2016-10-23T15:11:48+08:00 ] ::1 /estore/Public/Home/plugin/My97DatePicker/WdatePicker.js
ERR: 非法操作:Home

[ 2016-10-23T15:17:41+08:00 ] ::1 /estore/Public/Home/plugin/My97DatePicker/WdatePicker.js
ERR: 非法操作:Home

[ 2016-10-23T15:18:09+08:00 ] ::1 /estore/Public/Home/plugin/My97DatePicker/WdatePicker.js
ERR: 非法操作:Home

[ 2016-10-23T15:22:17+08:00 ] ::1 /estore/Public/Home/plugin/My97DatePicker/WdatePicker.js
ERR: 非法操作:Home

[ 2016-10-23T15:22:25+08:00 ] ::1 /estore/Public/Home/plugin/My97DatePicker/WdatePicker.js
ERR: 非法操作:Home

[ 2016-10-23T15:22:33+08:00 ] ::1 /estore/Public/Home/plugin/My97DatePicker/WdatePicker.js
ERR: 非法操作:Home

[ 2016-10-23T15:22:39+08:00 ] ::1 /estore/Public/Home/plugin/My97DatePicker/WdatePicker.js
ERR: 非法操作:Home

[ 2016-10-23T15:44:21+08:00 ] ::1 /estore/Public/Home/plugin/My97DatePicker/WdatePicker.js
ERR: 非法操作:Home

[ 2016-10-23T15:44:30+08:00 ] ::1 /estore/Public/Home/plugin/My97DatePicker/WdatePicker.js
ERR: 非法操作:Home

[ 2016-10-23T15:44:37+08:00 ] ::1 /estore/Public/Home/plugin/My97DatePicker/WdatePicker.js
ERR: 非法操作:Home

[ 2016-10-23T15:44:49+08:00 ] ::1 /estore/Public/Home/plugin/My97DatePicker/WdatePicker.js
ERR: 非法操作:Home

[ 2016-10-23T15:45:54+08:00 ] ::1 /estore/Public/Home/plugin/My97DatePicker/WdatePicker.js
ERR: 非法操作:Home

[ 2016-10-23T15:45:56+08:00 ] ::1 /estore/Public/Home/plugin/My97DatePicker/WdatePicker.js
ERR: 非法操作:Home

[ 2016-10-23T15:46:42+08:00 ] ::1 /estore/Public/Home/plugin/My97DatePicker/WdatePicker.js
ERR: 非法操作:Home

[ 2016-10-23T15:47:13+08:00 ] ::1 /estore/Public/Home/plugin/My97DatePicker/WdatePicker.js
ERR: 非法操作:Home

[ 2016-10-23T15:54:45+08:00 ] ::1 /estore/Public/Home/plugin/My97DatePicker/WdatePicker.js
ERR: 非法操作:Home

[ 2016-10-23T15:55:10+08:00 ] ::1 /estore/Public/Home/plugin/My97DatePicker/WdatePicker.js
ERR: 非法操作:Home

[ 2016-10-23T15:58:57+08:00 ] ::1 /estore/Public/Home/plugin/My97DatePicker/WdatePicker.js
ERR: 非法操作:Home

[ 2016-10-23T15:59:00+08:00 ] ::1 /estore/Public/Home/plugin/My97DatePicker/WdatePicker.js
ERR: 非法操作:Home

[ 2016-10-23T16:00:16+08:00 ] ::1 /estore/Public/Home/plugin/My97DatePicker/WdatePicker.js
ERR: 非法操作:Home

[ 2016-10-23T16:00:41+08:00 ] ::1 /estore/Public/Home/plugin/My97DatePicker/WdatePicker.js
ERR: 非法操作:Home

[ 2016-10-23T16:01:57+08:00 ] ::1 /estore/Public/Home/plugin/My97DatePicker/WdatePicker.js
ERR: 非法操作:Home

[ 2016-10-23T16:01:58+08:00 ] ::1 /estore/Public/Home/plugin/My97DatePicker/WdatePicker.js
ERR: 非法操作:Home

[ 2016-10-23T16:04:05+08:00 ] ::1 /estore/Public/Home/plugin/My97DatePicker/WdatePicker.js
ERR: 非法操作:Home

[ 2016-10-23T16:05:50+08:00 ] ::1 /estore/Public/Home/plugin/My97DatePicker/WdatePicker.js
ERR: 非法操作:Home

[ 2016-10-23T16:06:15+08:00 ] ::1 /estore/Public/Home/plugin/My97DatePicker/WdatePicker.js
ERR: 非法操作:Home

[ 2016-10-23T16:07:02+08:00 ] ::1 /estore/Public/Home/plugin/My97DatePicker/WdatePicker.js
ERR: 非法操作:Home

[ 2016-10-23T16:08:24+08:00 ] ::1 /estore/Public/Home/plugin/My97DatePicker/WdatePicker.js
ERR: 非法操作:Home

[ 2016-10-23T16:08:43+08:00 ] ::1 /estore/Public/Home/plugin/My97DatePicker/WdatePicker.js
ERR: 非法操作:Home

[ 2016-10-23T16:08:52+08:00 ] ::1 /estore/Public/Home/plugin/My97DatePicker/WdatePicker.js
ERR: 非法操作:Home

[ 2016-10-23T16:09:02+08:00 ] ::1 /estore/Public/Home/plugin/My97DatePicker/WdatePicker.js
ERR: 非法操作:Home

[ 2016-10-23T16:09:09+08:00 ] ::1 /estore/Public/Home/plugin/My97DatePicker/WdatePicker.js
ERR: 非法操作:Home

[ 2016-10-23T16:09:15+08:00 ] ::1 /estore/Public/Home/plugin/My97DatePicker/WdatePicker.js
ERR: 非法操作:Home

[ 2016-10-23T17:10:30+08:00 ] ::1 /estore/Public/Home/plugin/My97DatePicker/WdatePicker.js
ERR: 非法操作:Home

[ 2016-10-23T17:11:26+08:00 ] ::1 /estore/Public/Home/plugin/My97DatePicker/WdatePicker.js
ERR: 非法操作:Home

