[ 2016-10-19T11:04:33+08:00 ] ::1 /estore/index.php/Index/User/registerHandle.html
ERR: 1364:Field 'account' doesn't have a default value
 [ SQL语句 ] : INSERT INTO `user` () VALUES ()

[ 2016-10-19T11:04:50+08:00 ] ::1 /estore/index.php/Index/User/registerHandle.html
ERR: 1364:Field 'account' doesn't have a default value
 [ SQL语句 ] : INSERT INTO `user` () VALUES ()

[ 2016-10-19T11:07:26+08:00 ] ::1 /estore/index.php/Index/User/registerHandle.html
ERR: 1364:Field 'account' doesn't have a default value
 [ SQL语句 ] : INSERT INTO `user` () VALUES ()

[ 2016-10-19T11:07:38+08:00 ] ::1 /estore/index.php/Index/User/registerHandle.html
ERR: 1364:Field 'account' doesn't have a default value
 [ SQL语句 ] : INSERT INTO `user` () VALUES ()

[ 2016-10-19T11:29:07+08:00 ] ::1 /estore/index.php/estore/index.php/Index/Index/index.html.html
ERR: 非法操作:index.php

[ 2016-10-19T11:29:31+08:00 ] ::1 /estore/index.php/estore/index.php/Index/Index/index.html.html
ERR: 非法操作:index.php

[ 2016-10-19T11:36:51+08:00 ] ::1 /estore/index.php/Index/Index/index.php
ERR: 非法操作:index.php

[ 2016-10-19T11:36:58+08:00 ] ::1 /estore/index.php/Index/Index/cart.php?act=show
ERR: 非法操作:cart.php

[ 2016-10-19T11:37:05+08:00 ] ::1 /estore/index.php/Index/Index/admin/login.php?act=login
ERR: 非法操作:admin

[ 2016-10-19T14:02:22+08:00 ] ::1 /estore/index.php/Index/User/Index/Index/index
ERR: 非法操作:Index

[ 2016-10-19T14:04:43+08:00 ] ::1 /estore/index.php/Index/User/Index/Index/index
ERR: 非法操作:Index

[ 2016-10-19T14:05:13+08:00 ] ::1 /estore/index.php/Index/User/Index/Index/index
ERR: 非法操作:Index

[ 2016-10-19T14:08:57+08:00 ] ::1 /estore/index.php/Index/User/Index/index
ERR: 非法操作:Index

[ 2016-10-19T14:12:46+08:00 ] ::1 /estore/index.php/Index/Index/goodsList.php?act=listgoods&cateid=1
ERR: 非法操作:goodsList.php

[ 2016-10-19T14:12:49+08:00 ] ::1 /estore/index.php/Index/Index/goodsList.php?act=listgoods&cateid=2
ERR: 非法操作:goodsList.php

[ 2016-10-19T14:13:13+08:00 ] ::1 /estore/index.php/Index/Index/cart.php?act=show
ERR: 非法操作:cart.php

[ 2016-10-19T14:18:57+08:00 ] ::1 /estore/index.php/js/Validform_v5.3.2_min.js
ERR: 非法操作:Validform_v5.3.2_min.js

[ 2016-10-19T14:18:57+08:00 ] ::1 /estore/index.php/layer/layer.min.js
ERR: 非法操作:layer.min.js

[ 2016-10-19T14:18:57+08:00 ] ::1 /estore/index.php/js/H-ui.js
ERR: 非法操作:H-ui.js

[ 2016-10-19T14:18:57+08:00 ] ::1 /estore/index.php/js/H-ui.admin.js
ERR: 非法操作:H-ui.admin.js

[ 2016-10-19T14:18:57+08:00 ] ::1 /estore/index.php/js/jquery.min.js
ERR: 非法操作:jquery.min.js

[ 2016-10-19T14:18:57+08:00 ] ::1 /estore/index.php/js/Validform_v5.3.2_min.js
ERR: 非法操作:Validform_v5.3.2_min.js

[ 2016-10-19T14:18:58+08:00 ] ::1 /estore/index.php/layer/layer.min.js
ERR: 非法操作:layer.min.js

[ 2016-10-19T14:18:58+08:00 ] ::1 /estore/index.php/js/H-ui.js
ERR: 非法操作:H-ui.js

[ 2016-10-19T14:18:58+08:00 ] ::1 /estore/index.php/js/H-ui.admin.js
ERR: 非法操作:H-ui.admin.js

[ 2016-10-19T14:19:13+08:00 ] ::1 /estore/index.php/js/H-ui.admin.js
ERR: 非法操作:H-ui.admin.js

[ 2016-10-19T14:19:13+08:00 ] ::1 /estore/index.php/js/H-ui.js
ERR: 非法操作:H-ui.js

[ 2016-10-19T14:19:13+08:00 ] ::1 /estore/index.php/js/jquery.min.js
ERR: 非法操作:jquery.min.js

[ 2016-10-19T14:19:13+08:00 ] ::1 /estore/index.php/js/Validform_v5.3.2_min.js
ERR: 非法操作:Validform_v5.3.2_min.js

[ 2016-10-19T14:19:13+08:00 ] ::1 /estore/index.php/layer/layer.min.js
ERR: 非法操作:layer.min.js

[ 2016-10-19T14:19:13+08:00 ] ::1 /estore/index.php/js/H-ui.js
ERR: 非法操作:H-ui.js

[ 2016-10-19T14:19:13+08:00 ] ::1 /estore/index.php/js/H-ui.admin.js
ERR: 非法操作:H-ui.admin.js

[ 2016-10-19T14:31:25+08:00 ] ::1 /estore/index.php/
ERR: 模板不存在:./Application/estore/Index/View/Index/index.html

[ 2016-10-19T15:21:56+08:00 ] ::1 /estore/Public/Home/plugin/My97DatePicker/WdatePicker.js
ERR: 非法操作:Home

[ 2016-10-19T15:22:23+08:00 ] ::1 /estore/Public/Home/plugin/My97DatePicker/WdatePicker.js
ERR: 非法操作:Home

[ 2016-10-19T15:22:46+08:00 ] ::1 /estore/Public/Home/plugin/My97DatePicker/WdatePicker.js
ERR: 非法操作:Home

[ 2016-10-19T15:26:06+08:00 ] ::1 /estore/Public/Home/plugin/My97DatePicker/WdatePicker.js
ERR: 非法操作:Home

[ 2016-10-19T15:26:08+08:00 ] ::1 /estore/index.php/Index/Index/index.html
ERR: 模板不存在:./Application/estore/Index/View/Index/index.html

[ 2016-10-19T15:26:28+08:00 ] ::1 /estore/Public/Home/plugin/My97DatePicker/WdatePicker.js
ERR: 非法操作:Home

[ 2016-10-19T15:30:25+08:00 ] ::1 /estore/Public/Home/plugin/My97DatePicker/WdatePicker.js
ERR: 非法操作:Home

[ 2016-10-19T15:30:26+08:00 ] ::1 /estore/index.php/Index/Index/index.html
ERR: 模板不存在:./Application/estore/Index/View/Index/index.html

[ 2016-10-19T15:30:43+08:00 ] ::1 /estore/Public/Home/plugin/My97DatePicker/WdatePicker.js
ERR: 非法操作:Home

[ 2016-10-19T15:31:12+08:00 ] ::1 /estore/Public/Home/plugin/My97DatePicker/WdatePicker.js
ERR: 非法操作:Home

[ 2016-10-19T15:32:33+08:00 ] ::1 /estore/Public/Home/plugin/My97DatePicker/WdatePicker.js
ERR: 非法操作:Home

[ 2016-10-19T15:32:35+08:00 ] ::1 /estore/Public/Home/plugin/My97DatePicker/WdatePicker.js
ERR: 非法操作:Home

[ 2016-10-19T15:33:06+08:00 ] ::1 /estore/Public/Home/plugin/My97DatePicker/WdatePicker.js
ERR: 非法操作:Home

[ 2016-10-19T15:33:30+08:00 ] ::1 /estore/Public/Home/plugin/My97DatePicker/WdatePicker.js
ERR: 非法操作:Home

[ 2016-10-19T15:34:42+08:00 ] ::1 /estore/Public/Home/plugin/My97DatePicker/WdatePicker.js
ERR: 非法操作:Home

[ 2016-10-19T15:39:58+08:00 ] ::1 /estore/Public/Home/plugin/My97DatePicker/WdatePicker.js
ERR: 非法操作:Home

[ 2016-10-19T15:41:31+08:00 ] ::1 /estore/Public/Home/plugin/My97DatePicker/WdatePicker.js
ERR: 非法操作:Home

[ 2016-10-19T15:46:29+08:00 ] ::1 /estore/Public/Home/plugin/My97DatePicker/WdatePicker.js
ERR: 非法操作:Home

[ 2016-10-19T15:50:15+08:00 ] ::1 /estore/Public/Home/plugin/My97DatePicker/WdatePicker.js
ERR: 非法操作:Home

[ 2016-10-19T15:50:55+08:00 ] ::1 /estore/Public/Home/plugin/My97DatePicker/WdatePicker.js
ERR: 非法操作:Home

[ 2016-10-19T15:53:56+08:00 ] ::1 /estore/Public/Home/plugin/My97DatePicker/WdatePicker.js
ERR: 非法操作:Home

[ 2016-10-19T15:54:28+08:00 ] ::1 /estore/Public/Home/plugin/My97DatePicker/WdatePicker.js
ERR: 非法操作:Home

[ 2016-10-19T15:56:31+08:00 ] ::1 /estore/Public/Home/plugin/My97DatePicker/WdatePicker.js
ERR: 非法操作:Home

[ 2016-10-19T15:58:52+08:00 ] ::1 /estore/Public/Home/plugin/My97DatePicker/WdatePicker.js
ERR: 非法操作:Home

[ 2016-10-19T15:59:58+08:00 ] ::1 /estore/Public/Home/plugin/My97DatePicker/WdatePicker.js
ERR: 非法操作:Home

[ 2016-10-19T16:01:53+08:00 ] ::1 /estore/Public/Home/plugin/My97DatePicker/WdatePicker.js
ERR: 非法操作:Home

[ 2016-10-19T16:02:23+08:00 ] ::1 /estore/Public/Home/plugin/My97DatePicker/WdatePicker.js
ERR: 非法操作:Home

[ 2016-10-19T16:03:31+08:00 ] ::1 /estore/Public/Home/plugin/My97DatePicker/WdatePicker.js
ERR: 非法操作:Home

[ 2016-10-19T16:04:34+08:00 ] ::1 /estore/Public/Home/plugin/My97DatePicker/WdatePicker.js
ERR: 非法操作:Home

[ 2016-10-19T16:05:46+08:00 ] ::1 /estore/Public/Home/plugin/My97DatePicker/WdatePicker.js
ERR: 非法操作:Home

[ 2016-10-19T16:07:36+08:00 ] ::1 /estore/Public/Home/plugin/My97DatePicker/WdatePicker.js
ERR: 非法操作:Home

[ 2016-10-19T16:08:10+08:00 ] ::1 /estore/Public/Home/plugin/My97DatePicker/WdatePicker.js
ERR: 非法操作:Home

[ 2016-10-19T16:10:12+08:00 ] ::1 /estore/Public/Home/plugin/My97DatePicker/WdatePicker.js
ERR: 非法操作:Home

[ 2016-10-19T16:12:13+08:00 ] ::1 /estore/Public/Home/plugin/My97DatePicker/WdatePicker.js
ERR: 非法操作:Home

[ 2016-10-19T16:14:25+08:00 ] ::1 /estore/Public/Home/plugin/My97DatePicker/WdatePicker.js
ERR: 非法操作:Home

[ 2016-10-19T16:15:23+08:00 ] ::1 /estore/Public/Home/plugin/My97DatePicker/WdatePicker.js
ERR: 非法操作:Home

[ 2016-10-19T16:15:40+08:00 ] ::1 /estore/Public/Home/plugin/My97DatePicker/WdatePicker.js
ERR: 非法操作:Home

[ 2016-10-19T16:21:26+08:00 ] ::1 /estore/Public/Home/plugin/My97DatePicker/WdatePicker.js
ERR: 非法操作:Home

[ 2016-10-19T16:25:20+08:00 ] ::1 /estore/Public/Home/plugin/My97DatePicker/WdatePicker.js
ERR: 非法操作:Home

[ 2016-10-19T16:29:43+08:00 ] ::1 /estore/Public/Home/plugin/My97DatePicker/WdatePicker.js
ERR: 非法操作:Home

[ 2016-10-19T16:30:08+08:00 ] ::1 /estore/Public/Home/plugin/My97DatePicker/WdatePicker.js
ERR: 非法操作:Home

[ 2016-10-19T16:31:42+08:00 ] ::1 /estore/Public/Home/plugin/My97DatePicker/WdatePicker.js
ERR: 非法操作:Home

[ 2016-10-19T16:34:01+08:00 ] ::1 /estore/Public/Home/plugin/My97DatePicker/WdatePicker.js
ERR: 非法操作:Home

[ 2016-10-19T16:34:10+08:00 ] ::1 /estore/Public/Home/plugin/My97DatePicker/WdatePicker.js
ERR: 非法操作:Home

[ 2016-10-19T16:37:25+08:00 ] ::1 /estore/Public/Home/plugin/My97DatePicker/WdatePicker.js
ERR: 非法操作:Home

[ 2016-10-19T16:38:30+08:00 ] ::1 /estore/Public/Home/plugin/My97DatePicker/WdatePicker.js
ERR: 非法操作:Home

[ 2016-10-19T16:38:48+08:00 ] ::1 /estore/Public/Home/plugin/My97DatePicker/WdatePicker.js
ERR: 非法操作:Home

[ 2016-10-19T16:39:53+08:00 ] ::1 /estore/Public/Home/plugin/My97DatePicker/WdatePicker.js
ERR: 非法操作:Home

[ 2016-10-19T16:45:31+08:00 ] ::1 /estore/Public/Home/plugin/My97DatePicker/WdatePicker.js
ERR: 非法操作:Home

[ 2016-10-19T16:45:33+08:00 ] ::1 /estore/Public/Home/plugin/My97DatePicker/WdatePicker.js
ERR: 非法操作:Home

[ 2016-10-19T16:45:34+08:00 ] ::1 /estore/Public/Home/plugin/My97DatePicker/WdatePicker.js
ERR: 非法操作:Home

[ 2016-10-19T16:45:39+08:00 ] ::1 /estore/Public/Home/plugin/My97DatePicker/WdatePicker.js
ERR: 非法操作:Home

[ 2016-10-19T16:45:39+08:00 ] ::1 /estore/Public/Home/plugin/My97DatePicker/WdatePicker.js
ERR: 非法操作:Home

[ 2016-10-19T16:49:07+08:00 ] ::1 /estore/Public/Home/plugin/My97DatePicker/WdatePicker.js
ERR: 非法操作:Home

[ 2016-10-19T16:53:31+08:00 ] ::1 /estore/Public/Home/plugin/My97DatePicker/WdatePicker.js
ERR: 非法操作:Home

[ 2016-10-19T16:53:32+08:00 ] ::1 /estore/Public/Home/plugin/My97DatePicker/WdatePicker.js
ERR: 非法操作:Home

[ 2016-10-19T16:53:46+08:00 ] ::1 /estore/Public/Home/plugin/My97DatePicker/WdatePicker.js
ERR: 非法操作:Home

[ 2016-10-19T16:53:46+08:00 ] ::1 /estore/Public/Home/plugin/My97DatePicker/WdatePicker.js
ERR: 非法操作:Home

[ 2016-10-19T16:53:48+08:00 ] ::1 /estore/Public/Home/plugin/My97DatePicker/WdatePicker.js
ERR: 非法操作:Home

[ 2016-10-19T16:53:49+08:00 ] ::1 /estore/Public/Home/plugin/My97DatePicker/WdatePicker.js
ERR: 非法操作:Home

[ 2016-10-19T16:53:50+08:00 ] ::1 /estore/Public/Home/plugin/My97DatePicker/WdatePicker.js
ERR: 非法操作:Home

[ 2016-10-19T16:53:50+08:00 ] ::1 /estore/Public/Home/plugin/My97DatePicker/WdatePicker.js
ERR: 非法操作:Home

[ 2016-10-19T16:54:43+08:00 ] ::1 /estore/Public/Home/plugin/My97DatePicker/WdatePicker.js
ERR: 非法操作:Home

[ 2016-10-19T16:54:44+08:00 ] ::1 /estore/Public/Home/plugin/My97DatePicker/WdatePicker.js
ERR: 非法操作:Home

[ 2016-10-19T16:55:16+08:00 ] ::1 /estore/Public/Home/plugin/My97DatePicker/WdatePicker.js
ERR: 非法操作:Home

[ 2016-10-19T16:55:19+08:00 ] ::1 /estore/Public/Home/plugin/My97DatePicker/WdatePicker.js
ERR: 非法操作:Home

[ 2016-10-19T16:55:21+08:00 ] ::1 /estore/Public/Home/plugin/My97DatePicker/WdatePicker.js
ERR: 非法操作:Home

[ 2016-10-19T16:55:22+08:00 ] ::1 /estore/Public/Home/plugin/My97DatePicker/WdatePicker.js
ERR: 非法操作:Home

[ 2016-10-19T16:55:23+08:00 ] ::1 /estore/Public/Home/plugin/My97DatePicker/WdatePicker.js
ERR: 非法操作:Home

[ 2016-10-19T16:55:39+08:00 ] ::1 /estore/Public/Home/plugin/My97DatePicker/WdatePicker.js
ERR: 非法操作:Home

[ 2016-10-19T16:55:40+08:00 ] ::1 /estore/Public/Home/plugin/My97DatePicker/WdatePicker.js
ERR: 非法操作:Home

[ 2016-10-19T16:55:41+08:00 ] ::1 /estore/Public/Home/plugin/My97DatePicker/WdatePicker.js
ERR: 非法操作:Home

[ 2016-10-19T16:56:30+08:00 ] ::1 /estore/Public/Home/plugin/My97DatePicker/WdatePicker.js
ERR: 非法操作:Home

[ 2016-10-19T16:56:30+08:00 ] ::1 /estore/Public/Home/plugin/My97DatePicker/WdatePicker.js
ERR: 非法操作:Home

[ 2016-10-19T16:56:32+08:00 ] ::1 /estore/Public/Home/plugin/My97DatePicker/WdatePicker.js
ERR: 非法操作:Home

[ 2016-10-19T16:56:36+08:00 ] ::1 /estore/Public/Home/plugin/My97DatePicker/WdatePicker.js
ERR: 非法操作:Home

[ 2016-10-19T16:56:38+08:00 ] ::1 /estore/Public/Home/plugin/My97DatePicker/WdatePicker.js
ERR: 非法操作:Home

[ 2016-10-19T16:56:39+08:00 ] ::1 /estore/Public/Home/plugin/My97DatePicker/WdatePicker.js
ERR: 非法操作:Home

[ 2016-10-19T16:56:55+08:00 ] ::1 /estore/Public/Home/plugin/My97DatePicker/WdatePicker.js
ERR: 非法操作:Home

[ 2016-10-19T16:56:57+08:00 ] ::1 /estore/Public/Home/plugin/My97DatePicker/WdatePicker.js
ERR: 非法操作:Home

[ 2016-10-19T16:56:59+08:00 ] ::1 /estore/Public/Home/plugin/My97DatePicker/WdatePicker.js
ERR: 非法操作:Home

[ 2016-10-19T17:01:52+08:00 ] ::1 /estore/Public/Home/plugin/My97DatePicker/WdatePicker.js
ERR: 非法操作:Home

[ 2016-10-19T17:01:53+08:00 ] ::1 /estore/Public/Home/plugin/My97DatePicker/WdatePicker.js
ERR: 非法操作:Home

[ 2016-10-19T17:01:56+08:00 ] ::1 /estore/Public/Home/plugin/My97DatePicker/WdatePicker.js
ERR: 非法操作:Home

[ 2016-10-19T17:01:57+08:00 ] ::1 /estore/Public/Home/plugin/My97DatePicker/WdatePicker.js
ERR: 非法操作:Home

[ 2016-10-19T17:05:25+08:00 ] ::1 /estore/Public/Home/plugin/My97DatePicker/WdatePicker.js
ERR: 非法操作:Home

[ 2016-10-19T17:07:29+08:00 ] ::1 /estore/Public/Home/plugin/My97DatePicker/WdatePicker.js
ERR: 非法操作:Home

[ 2016-10-19T17:07:32+08:00 ] ::1 /estore/Public/Home/plugin/My97DatePicker/WdatePicker.js
ERR: 非法操作:Home

[ 2016-10-19T17:07:53+08:00 ] ::1 /estore/Public/Home/plugin/My97DatePicker/WdatePicker.js
ERR: 非法操作:Home

[ 2016-10-19T17:07:59+08:00 ] ::1 /estore/Public/Home/plugin/My97DatePicker/WdatePicker.js
ERR: 非法操作:Home

[ 2016-10-19T17:08:00+08:00 ] ::1 /estore/Public/Home/plugin/My97DatePicker/WdatePicker.js
ERR: 非法操作:Home

[ 2016-10-19T17:08:03+08:00 ] ::1 /estore/Public/Home/plugin/My97DatePicker/WdatePicker.js
ERR: 非法操作:Home

[ 2016-10-19T17:08:05+08:00 ] ::1 /estore/Public/Home/plugin/My97DatePicker/WdatePicker.js
ERR: 非法操作:Home

[ 2016-10-19T17:08:06+08:00 ] ::1 /estore/Public/Home/plugin/My97DatePicker/WdatePicker.js
ERR: 非法操作:Home

[ 2016-10-19T17:08:13+08:00 ] ::1 /estore/Public/Home/plugin/My97DatePicker/WdatePicker.js
ERR: 非法操作:Home

[ 2016-10-19T17:08:35+08:00 ] ::1 /estore/Public/Home/plugin/My97DatePicker/WdatePicker.js
ERR: 非法操作:Home

[ 2016-10-19T17:08:54+08:00 ] ::1 /estore/Public/Home/plugin/My97DatePicker/WdatePicker.js
ERR: 非法操作:Home

[ 2016-10-19T17:11:06+08:00 ] ::1 /estore/Public/Home/plugin/My97DatePicker/WdatePicker.js
ERR: 非法操作:Home

[ 2016-10-19T17:11:42+08:00 ] ::1 /estore/Public/Home/plugin/My97DatePicker/WdatePicker.js
ERR: 非法操作:Home

[ 2016-10-19T17:12:01+08:00 ] ::1 /estore/Public/Home/plugin/My97DatePicker/WdatePicker.js
ERR: 非法操作:Home

[ 2016-10-19T17:12:03+08:00 ] ::1 /estore/Public/Home/plugin/My97DatePicker/WdatePicker.js
ERR: 非法操作:Home

[ 2016-10-19T17:15:06+08:00 ] ::1 /estore/Public/Home/plugin/My97DatePicker/WdatePicker.js
ERR: 非法操作:Home

[ 2016-10-19T17:15:08+08:00 ] ::1 /estore/Public/Home/plugin/My97DatePicker/WdatePicker.js
ERR: 非法操作:Home

[ 2016-10-19T17:15:11+08:00 ] ::1 /estore/Public/Home/plugin/My97DatePicker/WdatePicker.js
ERR: 非法操作:Home

[ 2016-10-19T17:15:11+08:00 ] ::1 /estore/Public/Home/plugin/My97DatePicker/WdatePicker.js
ERR: 非法操作:Home

[ 2016-10-19T17:15:13+08:00 ] ::1 /estore/Public/Home/plugin/My97DatePicker/WdatePicker.js
ERR: 非法操作:Home

[ 2016-10-19T17:15:17+08:00 ] ::1 /estore/Public/Home/plugin/My97DatePicker/WdatePicker.js
ERR: 非法操作:Home

[ 2016-10-19T17:16:11+08:00 ] ::1 /estore/Public/Home/plugin/My97DatePicker/WdatePicker.js
ERR: 非法操作:Home

[ 2016-10-19T17:16:12+08:00 ] ::1 /estore/Public/Home/plugin/My97DatePicker/WdatePicker.js
ERR: 非法操作:Home

[ 2016-10-19T17:21:12+08:00 ] ::1 /estore/Public/Home/plugin/My97DatePicker/WdatePicker.js
ERR: 非法操作:Home

[ 2016-10-19T17:21:14+08:00 ] ::1 /estore/Public/Home/plugin/My97DatePicker/WdatePicker.js
ERR: 非法操作:Home

[ 2016-10-19T17:23:21+08:00 ] ::1 /estore/Public/Home/plugin/My97DatePicker/WdatePicker.js
ERR: 非法操作:Home

[ 2016-10-19T17:23:49+08:00 ] ::1 /estore/Public/Home/plugin/My97DatePicker/WdatePicker.js
ERR: 非法操作:Home

[ 2016-10-19T17:24:11+08:00 ] ::1 /estore/Public/Home/plugin/My97DatePicker/WdatePicker.js
ERR: 非法操作:Home

[ 2016-10-19T17:30:13+08:00 ] ::1 /estore/Public/Home/plugin/My97DatePicker/WdatePicker.js
ERR: 非法操作:Home

[ 2016-10-19T17:30:14+08:00 ] ::1 /estore/Public/Home/plugin/My97DatePicker/WdatePicker.js
ERR: 非法操作:Home

[ 2016-10-19T17:30:43+08:00 ] ::1 /estore/Public/Home/plugin/My97DatePicker/WdatePicker.js
ERR: 非法操作:Home

[ 2016-10-19T17:30:44+08:00 ] ::1 /estore/Public/Home/plugin/My97DatePicker/WdatePicker.js
ERR: 非法操作:Home

[ 2016-10-19T17:30:54+08:00 ] ::1 /estore/Public/Home/plugin/My97DatePicker/WdatePicker.js
ERR: 非法操作:Home

[ 2016-10-19T17:30:55+08:00 ] ::1 /estore/Public/Home/plugin/My97DatePicker/WdatePicker.js
ERR: 非法操作:Home

[ 2016-10-19T17:31:30+08:00 ] ::1 /estore/Public/Home/plugin/My97DatePicker/WdatePicker.js
ERR: 非法操作:Home

[ 2016-10-19T17:31:45+08:00 ] ::1 /estore/Public/Home/plugin/My97DatePicker/WdatePicker.js
ERR: 非法操作:Home

[ 2016-10-19T17:32:46+08:00 ] ::1 /estore/Public/Home/plugin/My97DatePicker/WdatePicker.js
ERR: 非法操作:Home

[ 2016-10-19T17:34:51+08:00 ] ::1 /estore/Public/Home/plugin/My97DatePicker/WdatePicker.js
ERR: 非法操作:Home

[ 2016-10-19T17:35:40+08:00 ] ::1 /estore/Public/Home/plugin/My97DatePicker/WdatePicker.js
ERR: 非法操作:Home

[ 2016-10-19T17:35:53+08:00 ] ::1 /estore/Public/Home/plugin/My97DatePicker/WdatePicker.js
ERR: 非法操作:Home

[ 2016-10-19T17:42:36+08:00 ] ::1 /estore/Public/Home/plugin/My97DatePicker/WdatePicker.js
ERR: 非法操作:Home

[ 2016-10-19T17:44:01+08:00 ] ::1 /estore/Public/Home/plugin/My97DatePicker/WdatePicker.js
ERR: 非法操作:Home

[ 2016-10-19T17:45:38+08:00 ] ::1 /estore/Public/Home/plugin/My97DatePicker/WdatePicker.js
ERR: 非法操作:Home

[ 2016-10-19T17:45:38+08:00 ] ::1 /estore/Public/Home/plugin/My97DatePicker/WdatePicker.js
ERR: 非法操作:Home

